[36m-[39m Generating browser application bundles (phase: setup)...[2K[1G[36m\[39m Generating browser application bundles (phase: setup)...[2K[1G[36m|[39m Generating browser application bundles (phase: building)...[2K[1G[36m/[39m Generating browser application bundles (phase: building)...[2K[1G[36m-[39m Generating browser application bundles (phase: building)...[2K[1G[36m\[39m Generating browser application bundles (phase: building)...[2K[1G[36m|[39m Generating browser application bundles (phase: building)...[2K[1G[36m/[39m Generating browser application bundles (phase: building)...[2K[1G[36m-[39m Generating browser application bundles (phase: building)...[2K[1G[36m\[39m Generating browser application bundles (phase: building)...[2K[1G[36m|[39m Generating browser application bundles (phase: sealing)...[2K[1G[36m/[39m Generating browser application bundles (phase: sealing)...[2K[1G[32mâˆš[39m Browser application bundle generation complete.
[37m[39m
[37m[0m[1mInitial Chunk Files[22m  [2m | [22m[1mNames[22m        [2m | [22m [1mRaw Size[22m[0m[39m
[37m[0m[92mvendor.js[39m[37m            [2m | [22mvendor       [2m | [22m  [96m4.26 MB[39m[37m[2m | [22m[0m[39m
[37m[0m[92mstyles.css, styles.js[39m[37m[2m | [22mstyles       [2m | [22m[96m802.15 kB[39m[37m[2m | [22m[0m[39m
[37m[0m[92mpolyfills.js[39m[37m         [2m | [22mpolyfills    [2m | [22m[96m331.98 kB[39m[37m[2m | [22m[0m[39m
[37m[0m[92mmain.js[39m[37m              [2m | [22mmain         [2m | [22m[96m126.06 kB[39m[37m[2m | [22m[0m[39m
[37m[0m[92mscripts.js[39m[37m           [2m | [22mscripts      [2m | [22m [96m78.87 kB[39m[37m[2m | [22m[0m[39m
[37m[0m[92mruntime.js[39m[37m           [2m | [22mruntime      [2m | [22m  [96m6.51 kB[39m[37m[2m | [22m[0m[39m
[37m[0m[0m[39m
[37m[0m[1m [22m                    [2m | [22m[1mInitial Total[22m[2m | [22m  [1m5.58 MB[22m[0m[39m
[37m[0m[0m[39m
[37m[0mBuild at: [1m[37m2024-11-22T12:20:37.390Z[39m[37m[22m - Hash: [1m[37m319ac35786bfbb21[39m[37m[22m - Time: [1m[37m7229[39m[37m[22mms[0m[39m
[1m[33m[39m[22m
[1m[33m[0m[36m./node_modules/@nestjs/common/utils/load-package.util.js[39m[33m[0m:[0m[93m12:35-55[39m[33m[0m - [0m[33mWarning: [39m[33m[0mCritical dependency: the request of a dependency is an expression[39m[22m
[1m[33m[39m[22m
[1m[33m[0m[33mWarning: [39m[33m[0mC:\Users\salim\Dev\avans-nx-workshop-2024\avans-nx-workshop\libs\shared\api\src\lib\models\user.service.ts depends on '@nestjs/common'. CommonJS or AMD dependencies can cause optimization bailouts.[39m[22m
[1m[33mFor more info see: https://angular.io/guide/build#configuring-commonjs-dependencies[39m[22m
[1m[33m[39m[22m
[1m[33m[0m[33mWarning: [39m[33m[0mC:\Users\salim\Dev\avans-nx-workshop-2024\avans-nx-workshop\node_modules\class-validator\esm2015\decorator\common\IsLatLong.js depends on 'validator/lib/isLatLong'. CommonJS or AMD dependencies can cause optimization bailouts.[39m[22m
[1m[33mFor more info see: https://angular.io/guide/build#configuring-commonjs-dependencies[39m[22m
[1m[33m[39m[22m
[1m[33m[0m[33mWarning: [39m[33m[0mC:\Users\salim\Dev\avans-nx-workshop-2024\avans-nx-workshop\node_modules\class-validator\esm2015\decorator\number\IsDivisibleBy.js depends on 'validator/lib/isDivisibleBy'. CommonJS or AMD dependencies can cause optimization bailouts.[39m[22m
[1m[33mFor more info see: https://angular.io/guide/build#configuring-commonjs-dependencies[39m[22m
[1m[33m[39m[22m
[1m[33m[0m[33mWarning: [39m[33m[0mC:\Users\salim\Dev\avans-nx-workshop-2024\avans-nx-workshop\node_modules\class-validator\esm2015\decorator\string\Contains.js depends on 'validator/lib/contains'. CommonJS or AMD dependencies can cause optimization bailouts.[39m[22m
[1m[33mFor more info see: https://angular.io/guide/build#configuring-commonjs-dependencies[39m[22m
[1m[33m[39m[22m
[1m[33m[0m[33mWarning: [39m[33m[0mC:\Users\salim\Dev\avans-nx-workshop-2024\avans-nx-workshop\node_modules\class-validator\esm2015\decorator\string\IsAlpha.js depends on 'validator/lib/isAlpha'. CommonJS or AMD dependencies can cause optimization bailouts.[39m[22m
[1m[33mFor more info see: https://angular.io/guide/build#configuring-commonjs-dependencies[39m[22m
[1m[33m[39m[22m
[1m[33m[0m[33mWarning: [39m[33m[0mC:\Users\salim\Dev\avans-nx-workshop-2024\avans-nx-workshop\node_modules\class-validator\esm2015\decorator[39m[22m[1m[33m\string\IsAlphanumeric.js depends on 'validator/lib/isAlphanumeric'. CommonJS or AMD dependencies can cause optimization bailouts.[39m[22m
[1m[33mFor more info see: https://angular.io/guide/build#configuring-commonjs-dependencies[39m[22m
[1m[33m[39m[22m
[1m[33m[0m[33mWarning: [39m[33m[0mC:\Users\salim\Dev\avans-nx-workshop-2024\avans-nx-workshop\node_modules\class-validator\esm2015\decorator\string\IsAscii.js depends on 'validator/lib/isAscii'. CommonJS or AMD dependencies can cause optimization bailouts.[39m[22m
[1m[33mFor more info see: https://angular.io/guide/build#configuring-commonjs-dependencies[39m[22m
[1m[33m[39m[22m
[1m[33m[0m[33mWarning: [39m[33m[0mC:\Users\salim\Dev\avans-nx-workshop-2024\avans-nx-workshop\node_modules\class-validator\esm2015\decorator\string\IsBIC.js depends on 'validator/lib/isBIC'. CommonJS or AMD dependencies can cause optimization bailouts.[39m[22m
[1m[33mFor more info see: https://angular.io/guide/build#configuring-commonjs-dependencies[39m[22m
[1m[33m[39m[22m
[1m[33m[0m[33mWarning: [39m[33m[0mC:\Users\salim\Dev\avans-nx-workshop-2024\avans-nx-workshop\node_modules\class-validator\esm2015\decorator\string\IsBase32.js depends on 'validator/lib/isBase32'. CommonJS or AMD dependencies can cause optimization bailouts.[39m[22m
[1m[33mFor more info see: https://angular.io/guide/build#configuring-commonjs-dependencies[39m[22m
[1m[33m[39m[22m
[1m[33m[0m[33mWarning: [39m[33m[0mC:\Users\salim\Dev\avans-nx-workshop-2024\avans-nx-workshop\node_modules\class-validator\esm2015\decorator\string\IsBase58.js depends on 'validator/lib/isBase58'. CommonJS or AMD dependencies can cause optimization bailouts.[39m[22m
[1m[33mFor more info see: https://angular.io/guide/build#configuring-commonjs-dependencies[39m[22m
[1m[33m[39m[22m
[1m[33m[0m[33mWarning: [39m[33m[0mC:\Users\salim\Dev\avans-nx-workshop-2024\avans-nx-workshop\node_modules\class-validator\esm2015\decorator\string\IsBase64.js depends on 'validator/lib/isBase64'. CommonJS or AMD dependencies can cause optimization bailouts.[39m[22m
[1m[33mFor more info see: https://angular.io/guide/build#configuring-commonjs-dependencies[39m[22m
[1m[33m[39m[22m
[1m[33m[0m[33mWarning: [39m[33m[0mC:\Users\salim\Dev\avans-nx-workshop-2024\avans-nx-workshop\node_modules\class-v[39m[22m[1m[33malidator\esm2015\decorator\string\IsBooleanString.js depends on 'validator/lib/isBoolean'. CommonJS or AMD dependencies can cause optimization bailouts.[39m[22m
[1m[33mFor more info see: https://angular.io/guide/build#configuring-commonjs-dependencies[39m[22m
[1m[33m[39m[22m
[1m[33m[0m[33mWarning: [39m[33m[0mC:\Users\salim\Dev\avans-nx-workshop-2024\avans-nx-workshop\node_modules\class-validator\esm2015\decorator\string\IsBtcAddress.js depends on 'validator/lib/isBtcAddress'. CommonJS or AMD dependencies can cause optimization bailouts.[39m[22m
[1m[33mFor more info see: https://angular.io/guide/build#configuring-commonjs-dependencies[39m[22m
[1m[33m[39m[22m
[1m[33m[0m[33mWarning: [39m[33m[0mC:\Users\salim\Dev\avans-nx-workshop-2024\avans-nx-workshop\node_modules\class-validator\esm2015\decorator\string\IsByteLength.js depends on 'validator/lib/isByteLength'. CommonJS or AMD dependencies can cause optimization bailouts.[39m[22m
[1m[33mFor more info see: https://angular.io/guide/build#configuring-commonjs-dependencies[39m[22m
[1m[33m[39m[22m
[1m[33m[0m[33mWarning: [39m[33m[0mC:\Users\salim\Dev\avans-nx-workshop-2024\avans-nx-workshop\node_modules\class-validator\esm2015\decorator\string\IsCreditCard.js depends on 'validator/lib/isCreditCard'. CommonJS or AMD dependencies can cause optimization bailouts.[39m[22m
[1m[33mFor more info see: https://angular.io/guide/build#configuring-commonjs-dependencies[39m[22m
[1m[33m[39m[22m
[1m[33m[0m[33mWarning: [39m[33m[0mC:\Users\salim\Dev\avans-nx-workshop-2024\avans-nx-workshop\node_modules\class-validator\esm2015\decorator\string\IsCurrency.js depends on 'validator/lib/isCurrency'. CommonJS or AMD dependencies can cause optimization bailouts.[39m[22m
[1m[33mFor more info see: https://angular.io/guide/build#configuring-commonjs-dependencies[39m[22m
[1m[33m[39m[22m
[1m[33m[0m[33mWarning: [39m[33m[0mC:\Users\salim\Dev\avans-nx-workshop-2024\avans-nx-workshop\node_modules\class-validator\esm2015\decorator\string\IsDataURI.js depends on 'validator/lib/isDataURI'. CommonJS or AMD dependencies can cause optimization bailouts.[39m[22m
[1m[33mFor more info see: https://angular.io/guide/build#configuring-commonjs-dependencies[39m[22m
[1m[33m[39m[22m
[1m[33m[0m[33mWarning: [39m[33m[0mC:\Users\salim\Dev\a[39m[22m[1m[33mvans-nx-workshop-2024\avans-nx-workshop\node_modules\class-validator\esm2015\decorator\string\IsDecimal.js depends on 'validator/lib/isDecimal'. CommonJS or AMD dependencies can cause optimization bailouts.[39m[22m
[1m[33mFor more info see: https://angular.io/guide/build#configuring-commonjs-dependencies[39m[22m
[1m[33m[39m[22m
[1m[33m[0m[33mWarning: [39m[33m[0mC:\Users\salim\Dev\avans-nx-workshop-2024\avans-nx-workshop\node_modules\class-validator\esm2015\decorator\string\IsEAN.js depends on 'validator/lib/isEAN'. CommonJS or AMD dependencies can cause optimization bailouts.[39m[22m
[1m[33mFor more info see: https://angular.io/guide/build#configuring-commonjs-dependencies[39m[22m
[1m[33m[39m[22m
[1m[33m[0m[33mWarning: [39m[33m[0mC:\Users\salim\Dev\avans-nx-workshop-2024\avans-nx-workshop\node_modules\class-validator\esm2015\decorator\string\IsEmail.js depends on 'validator/lib/isEmail'. CommonJS or AMD dependencies can cause optimization bailouts.[39m[22m
[1m[33mFor more info see: https://angular.io/guide/build#configuring-commonjs-dependencies[39m[22m
[1m[33m[39m[22m
[1m[33m[0m[33mWarning: [39m[33m[0mC:\Users\salim\Dev\avans-nx-workshop-2024\avans-nx-workshop\node_modules\class-validator\esm2015\decorator\string\IsEthereumAddress.js depends on 'validator/lib/isEthereumAddress'. CommonJS or AMD dependencies can cause optimization bailouts.[39m[22m
[1m[33mFor more info see: https://angular.io/guide/build#configuring-commonjs-dependencies[39m[22m
[1m[33m[39m[22m
[1m[33m[0m[33mWarning: [39m[33m[0mC:\Users\salim\Dev\avans-nx-workshop-2024\avans-nx-workshop\node_modules\class-validator\esm2015\decorator\string\IsFQDN.js depends on 'validator/lib/isFQDN'. CommonJS or AMD dependencies can cause optimization bailouts.[39m[22m
[1m[33mFor more info see: https://angular.io/guide/build#configuring-commonjs-dependencies[39m[22m
[1m[33m[39m[22m
[1m[33m[0m[33mWarning: [39m[33m[0mC:\Users\salim\Dev\avans-nx-workshop-2024\avans-nx-workshop\node_modules\class-validator\esm2015\decorator\string\IsFullWidth.js depends on 'validator/lib/isFullWidth'. CommonJS or AMD dependencies can cause optimization bailouts.[39m[22m
[1m[33mFor more info see: https://angular.io/guide/build#configuring-commonjs-dependencies[39m[22m
[1m[33m[39m[22m
[1m[33m[0m[33mWa[39m[22m[1m[33mrning: [39m[33m[0mC:\Users\salim\Dev\avans-nx-workshop-2024\avans-nx-workshop\node_modules\class-validator\esm2015\decorator\string\IsHSL.js depends on 'validator/lib/isHSL'. CommonJS or AMD dependencies can cause optimization bailouts.[39m[22m
[1m[33mFor more info see: https://angular.io/guide/build#configuring-commonjs-dependencies[39m[22m
[1m[33m[39m[22m
[1m[33m[0m[33mWarning: [39m[33m[0mC:\Users\salim\Dev\avans-nx-workshop-2024\avans-nx-workshop\node_modules\class-validator\esm2015\decorator\string\IsHalfWidth.js depends on 'validator/lib/isHalfWidth'. CommonJS or AMD dependencies can cause optimization bailouts.[39m[22m
[1m[33mFor more info see: https://angular.io/guide/build#configuring-commonjs-dependencies[39m[22m
[1m[33m[39m[22m
[1m[33m[0m[33mWarning: [39m[33m[0mC:\Users\salim\Dev\avans-nx-workshop-2024\avans-nx-workshop\node_modules\class-validator\esm2015\decorator\string\IsHash.js depends on 'validator/lib/isHash'. CommonJS or AMD dependencies can cause optimization bailouts.[39m[22m
[1m[33mFor more info see: https://angular.io/guide/build#configuring-commonjs-dependencies[39m[22m
[1m[33m[39m[22m
[1m[33m[0m[33mWarning: [39m[33m[0mC:\Users\salim\Dev\avans-nx-workshop-2024\avans-nx-workshop\node_modules\class-validator\esm2015\decorator\string\IsHexColor.js depends on 'validator/lib/isHexColor'. CommonJS or AMD dependencies can cause optimization bailouts.[39m[22m
[1m[33mFor more info see: https://angular.io/guide/build#configuring-commonjs-dependencies[39m[22m
[1m[33m[39m[22m
[1m[33m[0m[33mWarning: [39m[33m[0mC:\Users\salim\Dev\avans-nx-workshop-2024\avans-nx-workshop\node_modules\class-validator\esm2015\decorator\string\IsHexadecimal.js depends on 'validator/lib/isHexadecimal'. CommonJS or AMD dependencies can cause optimization bailouts.[39m[22m
[1m[33mFor more info see: https://angular.io/guide/build#configuring-commonjs-dependencies[39m[22m
[1m[33m[39m[22m
[1m[33m[0m[33mWarning: [39m[33m[0mC:\Users\salim\Dev\avans-nx-workshop-2024\avans-nx-workshop\node_modules\class-validator\esm2015\decorator\string\IsIBAN.js depends on 'validator/lib/isIBAN'. CommonJS or AMD dependencies can cause optimization bailouts.[39m[22m
[1m[33mFor more info see: https://angular.io/guide/build#configuring-common[39m[22m[1m[33mjs-dependencies[39m[22m
[1m[33m[39m[22m
[1m[33m[0m[33mWarning: [39m[33m[0mC:\Users\salim\Dev\avans-nx-workshop-2024\avans-nx-workshop\node_modules\class-validator\esm2015\decorator\string\IsIP.js depends on 'validator/lib/isIP'. CommonJS or AMD dependencies can cause optimization bailouts.[39m[22m
[1m[33mFor more info see: https://angular.io/guide/build#configuring-commonjs-dependencies[39m[22m
[1m[33m[39m[22m
[1m[33m[0m[33mWarning: [39m[33m[0mC:\Users\salim\Dev\avans-nx-workshop-2024\avans-nx-workshop\node_modules\class-validator\esm2015\decorator\string\IsISBN.js depends on 'validator/lib/isISBN'. CommonJS or AMD dependencies can cause optimization bailouts.[39m[22m
[1m[33mFor more info see: https://angular.io/guide/build#configuring-commonjs-dependencies[39m[22m
[1m[33m[39m[22m
[1m[33m[0m[33mWarning: [39m[33m[0mC:\Users\salim\Dev\avans-nx-workshop-2024\avans-nx-workshop\node_modules\class-validator\esm2015\decorator\string\IsISIN.js depends on 'validator/lib/isISIN'. CommonJS or AMD dependencies can cause optimization bailouts.[39m[22m
[1m[33mFor more info see: https://angular.io/guide/build#configuring-commonjs-dependencies[39m[22m
[1m[33m[39m[22m
[1m[33m[0m[33mWarning: [39m[33m[0mC:\Users\salim\Dev\avans-nx-workshop-2024\avans-nx-workshop\node_modules\class-validator\esm2015\decorator\string\IsISO8601.js depends on 'validator/lib/isISO8601'. CommonJS or AMD dependencies can cause optimization bailouts.[39m[22m
[1m[33mFor more info see: https://angular.io/guide/build#configuring-commonjs-dependencies[39m[22m
[1m[33m[39m[22m
[1m[33m[0m[33mWarning: [39m[33m[0mC:\Users\salim\Dev\avans-nx-workshop-2024\avans-nx-workshop\node_modules\class-validator\esm2015\decorator\string\IsISO31661Alpha2.js depends on 'validator/lib/isISO31661Alpha2'. CommonJS or AMD dependencies can cause optimization bailouts.[39m[22m
[1m[33mFor more info see: https://angular.io/guide/build#configuring-commonjs-dependencies[39m[22m
[1m[33m[39m[22m
[1m[33m[0m[33mWarning: [39m[33m[0mC:\Users\salim\Dev\avans-nx-workshop-2024\avans-nx-workshop\node_modules\class-validator\esm2015\decorator\string\IsISO31661Alpha3.js depends on 'validator/lib/isISO31661Alpha3'. CommonJS or AMD dependencies can cause optimization bailouts.[39m[22m
[1m[33mFor more info see: https://a[39m[22m[1m[33mngular.io/guide/build#configuring-commonjs-dependencies[39m[22m
[1m[33m[39m[22m
[1m[33m[0m[33mWarning: [39m[33m[0mC:\Users\salim\Dev\avans-nx-workshop-2024\avans-nx-workshop\node_modules\class-validator\esm2015\decorator\string\IsISRC.js depends on 'validator/lib/isISRC'. CommonJS or AMD dependencies can cause optimization bailouts.[39m[22m
[1m[33mFor more info see: https://angular.io/guide/build#configuring-commonjs-dependencies[39m[22m
[1m[33m[39m[22m
[1m[33m[0m[33mWarning: [39m[33m[0mC:\Users\salim\Dev\avans-nx-workshop-2024\avans-nx-workshop\node_modules\class-validator\esm2015\decorator\string\IsISSN.js depends on 'validator/lib/isISSN'. CommonJS or AMD dependencies can cause optimization bailouts.[39m[22m
[1m[33mFor more info see: https://angular.io/guide/build#configuring-commonjs-dependencies[39m[22m
[1m[33m[39m[22m
[1m[33m[0m[33mWarning: [39m[33m[0mC:\Users\salim\Dev\avans-nx-workshop-2024\avans-nx-workshop\node_modules\class-validator\esm2015\decorator\string\IsIdentityCard.js depends on 'validator/lib/isIdentityCard'. CommonJS or AMD dependencies can cause optimization bailouts.[39m[22m
[1m[33mFor more info see: https://angular.io/guide/build#configuring-commonjs-dependencies[39m[22m
[1m[33m[39m[22m
[1m[33m[0m[33mWarning: [39m[33m[0mC:\Users\salim\Dev\avans-nx-workshop-2024\avans-nx-workshop\node_modules\class-validator\esm2015\decorator\string\IsJSON.js depends on 'validator/lib/isJSON'. CommonJS or AMD dependencies can cause optimization bailouts.[39m[22m
[1m[33mFor more info see: https://angular.io/guide/build#configuring-commonjs-dependencies[39m[22m
[1m[33m[39m[22m
[1m[33m[0m[33mWarning: [39m[33m[0mC:\Users\salim\Dev\avans-nx-workshop-2024\avans-nx-workshop\node_modules\class-validator\esm2015\decorator\string\IsJWT.js depends on 'validator/lib/isJWT'. CommonJS or AMD dependencies can cause optimization bailouts.[39m[22m
[1m[33mFor more info see: https://angular.io/guide/build#configuring-commonjs-dependencies[39m[22m
[1m[33m[39m[22m
[1m[33m[0m[33mWarning: [39m[33m[0mC:\Users\salim\Dev\avans-nx-workshop-2024\avans-nx-workshop\node_modules\class-validator\esm2015\decorator\string\IsLocale.js depends on 'validator/lib/isLocale'. CommonJS or AMD dependencies can cause optimization bailouts.[39m[22m
[1m[33mFor more inf[39m[22m[1m[33mo see: https://angular.io/guide/build#configuring-commonjs-dependencies[39m[22m
[1m[33m[39m[22m
[1m[33m[0m[33mWarning: [39m[33m[0mC:\Users\salim\Dev\avans-nx-workshop-2024\avans-nx-workshop\node_modules\class-validator\esm2015\decorator\string\IsLowercase.js depends on 'validator/lib/isLowercase'. CommonJS or AMD dependencies can cause optimization bailouts.[39m[22m
[1m[33mFor more info see: https://angular.io/guide/build#configuring-commonjs-dependencies[39m[22m
[1m[33m[39m[22m
[1m[33m[0m[33mWarning: [39m[33m[0mC:\Users\salim\Dev\avans-nx-workshop-2024\avans-nx-workshop\node_modules\class-validator\esm2015\decorator\string\IsMacAddress.js depends on 'validator/lib/isMACAddress'. CommonJS or AMD dependencies can cause optimization bailouts.[39m[22m
[1m[33mFor more info see: https://angular.io/guide/build#configuring-commonjs-dependencies[39m[22m
[1m[33m[39m[22m
[1m[33m[0m[33mWarning: [39m[33m[0mC:\Users\salim\Dev\avans-nx-workshop-2024\avans-nx-workshop\node_modules\class-validator\esm2015\decorator\string\IsMagnetURI.js depends on 'validator/lib/isMagnetURI'. CommonJS or AMD dependencies can cause optimization bailouts.[39m[22m
[1m[33mFor more info see: https://angular.io/guide/build#configuring-commonjs-dependencies[39m[22m
[1m[33m[39m[22m
[1m[33m[0m[33mWarning: [39m[33m[0mC:\Users\salim\Dev\avans-nx-workshop-2024\avans-nx-workshop\node_modules\class-validator\esm2015\decorator\string\IsMimeType.js depends on 'validator/lib/isMimeType'. CommonJS or AMD dependencies can cause optimization bailouts.[39m[22m
[1m[33mFor more info see: https://angular.io/guide/build#configuring-commonjs-dependencies[39m[22m
[1m[33m[39m[22m
[1m[33m[0m[33mWarning: [39m[33m[0mC:\Users\salim\Dev\avans-nx-workshop-2024\avans-nx-workshop\node_modules\class-validator\esm2015\decorator\string\IsMobilePhone.js depends on 'validator/lib/isMobilePhone'. CommonJS or AMD dependencies can cause optimization bailouts.[39m[22m
[1m[33mFor more info see: https://angular.io/guide/build#configuring-commonjs-dependencies[39m[22m
[1m[33m[39m[22m
[1m[33m[0m[33mWarning: [39m[33m[0mC:\Users\salim\Dev\avans-nx-workshop-2024\avans-nx-workshop\node_modules\class-validator\esm2015\decorator\string\IsMongoId.js depends on 'validator/lib/isMongoId'. CommonJS or AMD [39m[22m[1m[33mdependencies can cause optimization bailouts.[39m[22m
[1m[33mFor more info see: https://angular.io/guide/build#configuring-commonjs-dependencies[39m[22m
[1m[33m[39m[22m
[1m[33m[0m[33mWarning: [39m[33m[0mC:\Users\salim\Dev\avans-nx-workshop-2024\avans-nx-workshop\node_modules\class-validator\esm2015\decorator\string\IsMultibyte.js depends on 'validator/lib/isMultibyte'. CommonJS or AMD dependencies can cause optimization bailouts.[39m[22m
[1m[33mFor more info see: https://angular.io/guide/build#configuring-commonjs-dependencies[39m[22m
[1m[33m[39m[22m
[1m[33m[0m[33mWarning: [39m[33m[0mC:\Users\salim\Dev\avans-nx-workshop-2024\avans-nx-workshop\node_modules\class-validator\esm2015\decorator\string\IsNumberString.js depends on 'validator/lib/isNumeric'. CommonJS or AMD dependencies can cause optimization bailouts.[39m[22m
[1m[33mFor more info see: https://angular.io/guide/build#configuring-commonjs-dependencies[39m[22m
[1m[33m[39m[22m
[1m[33m[0m[33mWarning: [39m[33m[0mC:\Users\salim\Dev\avans-nx-workshop-2024\avans-nx-workshop\node_modules\class-validator\esm2015\decorator\string\IsOctal.js depends on 'validator/lib/isOctal'. CommonJS or AMD dependencies can cause optimization bailouts.[39m[22m
[1m[33mFor more info see: https://angular.io/guide/build#configuring-commonjs-dependencies[39m[22m
[1m[33m[39m[22m
[1m[33m[0m[33mWarning: [39m[33m[0mC:\Users\salim\Dev\avans-nx-workshop-2024\avans-nx-workshop\node_modules\class-validator\esm2015\decorator\string\IsPassportNumber.js depends on 'validator/lib/isPassportNumber'. CommonJS or AMD dependencies can cause optimization bailouts.[39m[22m
[1m[33mFor more info see: https://angular.io/guide/build#configuring-commonjs-dependencies[39m[22m
[1m[33m[39m[22m
[1m[33m[0m[33mWarning: [39m[33m[0mC:\Users\salim\Dev\avans-nx-workshop-2024\avans-nx-workshop\node_modules\class-validator\esm2015\decorator\string\IsPort.js depends on 'validator/lib/isPort'. CommonJS or AMD dependencies can cause optimization bailouts.[39m[22m
[1m[33mFor more info see: https://angular.io/guide/build#configuring-commonjs-dependencies[39m[22m
[1m[33m[39m[22m
[1m[33m[0m[33mWarning: [39m[33m[0mC:\Users\salim\Dev\avans-nx-workshop-2024\avans-nx-workshop\node_modules\class-validator\esm2015\decorator\string\IsPostalCode.js depe[39m[22m[1m[33mnds on 'validator/lib/isPostalCode'. CommonJS or AMD dependencies can cause optimization bailouts.[39m[22m
[1m[33mFor more info see: https://angular.io/guide/build#configuring-commonjs-dependencies[39m[22m
[1m[33m[39m[22m
[1m[33m[0m[33mWarning: [39m[33m[0mC:\Users\salim\Dev\avans-nx-workshop-2024\avans-nx-workshop\node_modules\class-validator\esm2015\decorator\string\IsRFC3339.js depends on 'validator/lib/isRFC3339'. CommonJS or AMD dependencies can cause optimization bailouts.[39m[22m
[1m[33mFor more info see: https://angular.io/guide/build#configuring-commonjs-dependencies[39m[22m
[1m[33m[39m[22m
[1m[33m[0m[33mWarning: [39m[33m[0mC:\Users\salim\Dev\avans-nx-workshop-2024\avans-nx-workshop\node_modules\class-validator\esm2015\decorator\string\IsRgbColor.js depends on 'validator/lib/isRgbColor'. CommonJS or AMD dependencies can cause optimization bailouts.[39m[22m
[1m[33mFor more info see: https://angular.io/guide/build#configuring-commonjs-dependencies[39m[22m
[1m[33m[39m[22m
[1m[33m[0m[33mWarning: [39m[33m[0mC:\Users\salim\Dev\avans-nx-workshop-2024\avans-nx-workshop\node_modules\class-validator\esm2015\decorator\string\IsSemVer.js depends on 'validator/lib/isSemVer'. CommonJS or AMD dependencies can cause optimization bailouts.[39m[22m
[1m[33mFor more info see: https://angular.io/guide/build#configuring-commonjs-dependencies[39m[22m
[1m[33m[39m[22m
[1m[33m[0m[33mWarning: [39m[33m[0mC:\Users\salim\Dev\avans-nx-workshop-2024\avans-nx-workshop\node_modules\class-validator\esm2015\decorator\string\IsStrongPassword.js depends on 'validator'. CommonJS or AMD dependencies can cause optimization bailouts.[39m[22m
[1m[33mFor more info see: https://angular.io/guide/build#configuring-commonjs-dependencies[39m[22m
[1m[33m[39m[22m
[1m[33m[0m[33mWarning: [39m[33m[0mC:\Users\salim\Dev\avans-nx-workshop-2024\avans-nx-workshop\node_modules\class-validator\esm2015\decorator\string\IsSurrogatePair.js depends on 'validator/lib/isSurrogatePair'. CommonJS or AMD dependencies can cause optimization bailouts.[39m[22m
[1m[33mFor more info see: https://angular.io/guide/build#configuring-commonjs-dependencies[39m[22m
[1m[33m[39m[22m
[1m[33m[0m[33mWarning: [39m[33m[0mC:\Users\salim\Dev\avans-nx-workshop-2024\avans-nx-workshop\node_modules\class-validator\[39m[22m[1m[33mesm2015\decorator\string\IsUUID.js depends on 'validator/lib/isUUID'. CommonJS or AMD dependencies can cause optimization bailouts.[39m[22m
[1m[33mFor more info see: https://angular.io/guide/build#configuring-commonjs-dependencies[39m[22m
[1m[33m[39m[22m
[1m[33m[0m[33mWarning: [39m[33m[0mC:\Users\salim\Dev\avans-nx-workshop-2024\avans-nx-workshop\node_modules\class-validator\esm2015\decorator\string\IsUppercase.js depends on 'validator/lib/isUppercase'. CommonJS or AMD dependencies can cause optimization bailouts.[39m[22m
[1m[33mFor more info see: https://angular.io/guide/build#configuring-commonjs-dependencies[39m[22m
[1m[33m[39m[22m
[1m[33m[0m[33mWarning: [39m[33m[0mC:\Users\salim\Dev\avans-nx-workshop-2024\avans-nx-workshop\node_modules\class-validator\esm2015\decorator\string\IsUrl.js depends on 'validator/lib/isURL'. CommonJS or AMD dependencies can cause optimization bailouts.[39m[22m
[1m[33mFor more info see: https://angular.io/guide/build#configuring-commonjs-dependencies[39m[22m
[1m[33m[39m[22m
[1m[33m[0m[33mWarning: [39m[33m[0mC:\Users\salim\Dev\avans-nx-workshop-2024\avans-nx-workshop\node_modules\class-validator\esm2015\decorator\string\IsVariableWidth.js depends on 'validator/lib/isVariableWidth'. CommonJS or AMD dependencies can cause optimization bailouts.[39m[22m
[1m[33mFor more info see: https://angular.io/guide/build#configuring-commonjs-dependencies[39m[22m
[1m[33m[39m[22m
[1m[33m[0m[33mWarning: [39m[33m[0mC:\Users\salim\Dev\avans-nx-workshop-2024\avans-nx-workshop\node_modules\class-validator\esm2015\decorator\string\Length.js depends on 'validator/lib/isLength'. CommonJS or AMD dependencies can cause optimization bailouts.[39m[22m
[1m[33mFor more info see: https://angular.io/guide/build#configuring-commonjs-dependencies[39m[22m
[1m[33m[39m[22m
[1m[33m[0m[33mWarning: [39m[33m[0mC:\Users\salim\Dev\avans-nx-workshop-2024\avans-nx-workshop\node_modules\class-validator\esm2015\decorator\string\Matches.js depends on 'validator/lib/matches'. CommonJS or AMD dependencies can cause optimization bailouts.[39m[22m
[1m[33mFor more info see: https://angular.io/guide/build#configuring-commonjs-dependencies[39m[22m
[1m[33m[39m[22m
[1m[33m[0m[33mWarning: [39m[33m[0mC:\Users\salim\Dev\avans-nx-workshop-2024\avans-nx-workshop\n[39m[22m[1m[33mode_modules\class-validator\esm2015\decorator\string\is-iso4217-currency-code.js depends on 'validator/lib/isISO4217'. CommonJS or AMD dependencies can cause optimization bailouts.[39m[22m
[1m[33mFor more info see: https://angular.io/guide/build#configuring-commonjs-dependencies[39m[22m
[1m[33m[39m[22m
[1m[33m[0m[33mWarning: [39m[33m[0mC:\Users\salim\Dev\avans-nx-workshop-2024\avans-nx-workshop\node_modules\class-validator\esm2015\decorator\string\is-tax-id.js depends on 'validator/lib/isTaxID'. CommonJS or AMD dependencies can cause optimization bailouts.[39m[22m
[1m[33mFor more info see: https://angular.io/guide/build#configuring-commonjs-dependencies[39m[22m
[1m[33m[39m[22m
[1m[33m[39m[22m
[1m[31m[39m[22m
[1m[31m[0m[36m./node_modules/@nestjs/common/file-stream/streamable-file.js[39m[31m[0m:[0m[93m7:17-34[39m[31m[0m - [0m[91mError: [39m[31m[0mModule not found: Error: Can't resolve 'stream' in 'C:\Users\salim\Dev\avans-nx-workshop-2024\avans-nx-workshop\node_modules\@nestjs\common\file-stream'[39m[22m
[1m[31m[39m[22m
[1m[31mBREAKING CHANGE: webpack < 5 used to include polyfills for node.js core modules by default.[39m[22m
[1m[31mThis is no longer the case. Verify if you need this module and configure a polyfill for it.[39m[22m
[1m[31m[39m[22m
[1m[31mIf you want to include a polyfill, you need to:[39m[22m
[1m[31m	- add a fallback 'resolve.fallback: { "stream": require.resolve("stream-browserify") }'[39m[22m
[1m[31m	- install 'stream-browserify'[39m[22m
[1m[31mIf you don't want to include a polyfill, you can use an empty module like this:[39m[22m
[1m[31m	resolve.fallback: { "stream": false }[39m[22m
[1m[31m[39m[22m
[1m[31m[0m[36m./node_modules/@nestjs/common/file-stream/streamable-file.js[39m[31m[0m:[0m[93m8:15-30[39m[31m[0m - [0m[91mError: [39m[31m[0mModule not found: Error: Can't resolve 'util' in 'C:\Users\salim\Dev\avans-nx-workshop-2024\avans-nx-workshop\node_modules\@nestjs\common\file-stream'[39m[22m
[1m[31m[39m[22m
[1m[31mBREAKING CHANGE: webpack < 5 used to include polyfills for node.js core modules by default.[39m[22m
[1m[31mThis is no longer the case. Verify if you need this module and configure a polyfill for it.[39m[22m
[1m[31m[39m[22m
[1m[31mIf you want to include a polyfill, you need to:[39m[22m
[1m[31m	- add a fallback 'resolve.fallback: { "util": require.resolve("util/") }'[39m[22m
[1m[31m	- install 'util'[39m[22m
[1m[31mIf you don't want to include a polyfill, you can use an empty module like this:[39m[22m
[1m[31m	resolve.fallback: { "util": false }[39m[22m
[1m[31m[39m[22m
[1m[31m[0m[36m./node_modules/@nestjs/common/pipes/validation.pipe.js[39m[31m[0m:[0m[93m10:15-30[39m[31m[0m - [0m[91mError: [39m[31m[0mModule not found: Error: Can't resolve 'util' in 'C:\Users\salim\Dev\avans-nx-workshop-2024\avans-nx-workshop\node_modules\@nestjs\common\pipes'[39m[22m
[1m[31m[39m[22m
[1m[31mBREAKING CHANGE: webpack < 5 used to include polyfills for node.js core modules by default.[39m[22m
[1m[31mThis is no longer the case. Verify if you need this module and configure a polyfill for it.[39m[22m
[1m[31m[39m[22m
[1m[31mIf you want to include a polyfill, you need to:[39m[22m
[1m[31m	- add[39m[22m[1m[31m a fallback 'resolve.fallback: { "util": require.resolve("util/") }'[39m[22m
[1m[31m	- install 'util'[39m[22m
[1m[31mIf you don't want to include a polyfill, you can use an empty module like this:[39m[22m
[1m[31m	resolve.fallback: { "util": false }[39m[22m
[1m[31m[39m[22m
[1m[31m[39m[22m
[37m[39m
[37m** Angular Live Development Server is listening on localhost:4200, open your browser on http://localhost:4200/ **[39m
[37m[39m
[37m[39m
[37m[91mÃ—[39m[37m Failed to compile.[39m
[36m-[39m Generating browser application bundles...[2K[1G[36m\[39m Generating browser application bundles (phase: building)...[2K[1G[36m|[39m Generating browser application bundles (phase: building)...[2K[1G[36m/[39m Generating browser application bundles (phase: sealing)...[2K[1G[36m-[39m Generating browser application bundles (phase: emitting)...[2K[1G[32mâˆš[39m Browser application bundle generation complete.
[37m[39m
[37m[0m[1mInitial Chunk Files[22m  [2m | [22m[1mNames[22m    [2m | [22m [1mRaw Size[22m[0m[39m
[37m[0m[92mvendor.js[39m[37m            [2m | [22mvendor   [2m | [22m  [96m2.64 MB[39m[37m[2m | [22m[0m[39m
[37m[0m[92mstyles.css, styles.js[39m[37m[2m | [22mstyles   [2m | [22m[96m802.09 kB[39m[37m[2m | [22m[0m[39m
[37m[0m[92mpolyfills.js[39m[37m         [2m | [22mpolyfills[2m | [22m[96m331.92 kB[39m[37m[2m | [22m[0m[39m
[37m[0m[92mmain.js[39m[37m              [2m | [22mmain     [2m | [22m[96m118.35 kB[39m[37m[2m | [22m[0m[39m
[37m[0m[92mruntime.js[39m[37m           [2m | [22mruntime  [2m | [22m  [96m6.51 kB[39m[37m[2m | [22m[0m[39m
[37m[0m[0m[39m
[37m[0m1 unchanged chunks[0m[39m
[37m[0m[0m[39m
[37m[0mBuild at: [1m[37m2024-11-22T12:21:04.961Z[39m[37m[22m - Hash: [1m[37m4b3676197a0f5403[39m[37m[22m - Time: [1m[37m3895[39m[37m[22mms[0m[39m
[37m[39m
[37m[92mâˆš[39m[37m Compiled successfully.[39m
[36m-[39m Generating browser application bundles...[2K[1G[36m\[39m Generating browser application bundles (phase: building)...[2K[1G[36m|[39m Generating browser application bundles (phase: building)...[2K[1G[36m/[39m Generating browser application bundles (phase: building)...[2K[1G[36m-[39m Generating browser application bundles (phase: building)...[2K[1G[36m\[39m Generating browser application bundles (phase: building)...[2K[1G[36m|[39m Generating browser application bundles (phase: building)...[2K[1G[36m/[39m Generating browser application bundles (phase: sealing)...[2K[1G[32mâˆš[39m Browser application bundle generation complete.
[37m[39m
[37m[0m[1mInitial Chunk Files[22m[2m | [22m[1mNames[22m  [2m | [22m [1mRaw Size[22m[0m[39m
[37m[0m[92mvendor.js[39m[37m          [2m | [22mvendor [2m | [22m  [96m4.26 MB[39m[37m[2m | [22m[0m[39m
[37m[0m[92mmain.js[39m[37m            [2m | [22mmain   [2m | [22m[96m125.96 kB[39m[37m[2m | [22m[0m[39m
[37m[0m[92mruntime.js[39m[37m         [2m | [22mruntime[2m | [22m  [96m6.51 kB[39m[37m[2m | [22m[0m[39m
[37m[0m[0m[39m
[37m[0m3 unchanged chunks[0m[39m
[37m[0m[0m[39m
[37m[0mBuild at: [1m[37m2024-11-22T12:21:31.907Z[39m[37m[22m - Hash: [1m[37m8c45a25bb408d320[39m[37m[22m - Time: [1m[37m3289[39m[37m[22mms[0m[39m
[1m[33m[39m[22m
[1m[33m[0m[36m./node_modules/@nestjs/common/utils/load-package.util.js[39m[33m[0m:[0m[93m12:35-55[39m[33m[0m - [0m[33mWarning: [39m[33m[0mCritical dependency: the request of a dependency is an expression[39m[22m
[1m[33m[39m[22m
[1m[33m[39m[22m
[1m[31m[39m[22m
[1m[31m[0m[36m./node_modules/@nestjs/common/file-stream/streamable-file.js[39m[31m[0m:[0m[93m7:17-34[39m[31m[0m - [0m[91mError: [39m[31m[0mModule not found: Error: Can't resolve 'stream' in 'C:\Users\salim\Dev\avans-nx-workshop-2024\avans-nx-workshop\node_modules\@nestjs\common\file-stream'[39m[22m
[1m[31m[39m[22m
[1m[31mBREAKING CHANGE: webpack < 5 used to include polyfills for node.js core modules by default.[39m[22m
[1m[31mThis is no longer the case. Verify if you need this module and configure a polyfill for it.[39m[22m
[1m[31m[39m[22m
[1m[31mIf you want to include a polyfill, you need to:[39m[22m
[1m[31m	- add a fallback 'resolve.fallback: { "stream": require.resolve("stream-browserify") }'[39m[22m
[1m[31m	- install 'stream-browserify'[39m[22m
[1m[31mIf you don't want to include a polyfill, you can use an empty module like this:[39m[22m
[1m[31m	resolve.fallback: { "stream": false }[39m[22m
[1m[31m[39m[22m
[1m[31m[0m[36m./node_modules/@nestjs/common/file-stream/streamable-file.js[39m[31m[0m:[0m[93m8:15-30[39m[31m[0m - [0m[91mError: [39m[31m[0mModule not found: Error: Can't resolve 'util' in 'C:\Users\salim\Dev\avans-nx-workshop-2024\avans-nx-workshop\node_modules\@nestjs\common\file-stream'[39m[22m
[1m[31m[39m[22m
[1m[31mBREAKING CHANGE: webpack < 5 used to include polyfills for node.js core modules by default.[39m[22m
[1m[31mThis is no longer the case. Verify if you need this module and configure a polyfill for it.[39m[22m
[1m[31m[39m[22m
[1m[31mIf you want to include a polyfill, you need to:[39m[22m
[1m[31m	- add a fallback 'resolve.fallback: { "util": require.resolve("util/") }'[39m[22m
[1m[31m	- install 'util'[39m[22m
[1m[31mIf you don't want to include a polyfill, you can use an empty module like this:[39m[22m
[1m[31m	resolve.fallback: { "util": false }[39m[22m
[1m[31m[39m[22m
[1m[31m[0m[36m./node_modules/@nestjs/common/pipes/validation.pipe.js[39m[31m[0m:[0m[93m10:15-30[39m[31m[0m - [0m[91mError: [39m[31m[0mModule not found: Error: Can't resolve 'util' in 'C:\Users\salim\Dev\avans-nx-workshop-2024\avans-nx-workshop\node_modules\@nestjs\common\pipes'[39m[22m
[1m[31m[39m[22m
[1m[31mBREAKING CHANGE: webpack < 5 used to include polyfills for node.js core modules by default.[39m[22m
[1m[31mThis is no longer the case. Verify if you need this module and configure a polyfill for it.[39m[22m
[1m[31m[39m[22m
[1m[31mIf you want to include a polyfill, you need to:[39m[22m
[1m[31m	- add[39m[22m[1m[31m a fallback 'resolve.fallback: { "util": require.resolve("util/") }'[39m[22m
[1m[31m	- install 'util'[39m[22m
[1m[31mIf you don't want to include a polyfill, you can use an empty module like this:[39m[22m
[1m[31m	resolve.fallback: { "util": false }[39m[22m
[1m[31m[39m[22m
[1m[31m[39m[22m
[37m[39m
[37m[91mÃ—[39m[37m Failed to compile.[39m
[36m-[39m Generating browser application bundles...[2K[1G[36m\[39m Generating browser application bundles (phase: building)...[2K[1G[36m|[39m Generating browser application bundles (phase: sealing)...[2K[1G[32mâˆš[39m Browser application bundle generation complete.
[37m[39m
[37m[0m[1mInitial Chunk Files[22m[2m | [22m[1mNames[22m  [2m | [22m [1mRaw Size[22m[0m[39m
[37m[0m[92mmain.js[39m[37m            [2m | [22mmain   [2m | [22m[96m126.00 kB[39m[37m[2m | [22m[0m[39m
[37m[0m[92mruntime.js[39m[37m         [2m | [22mruntime[2m | [22m  [96m6.51 kB[39m[37m[2m | [22m[0m[39m
[37m[0m[0m[39m
[37m[0m4 unchanged chunks[0m[39m
[37m[0m[0m[39m
[37m[0mBuild at: [1m[37m2024-11-22T12:21:41.664Z[39m[37m[22m - Hash: [1m[37mb3e5cccff6745edb[39m[37m[22m - Time: [1m[37m510[39m[37m[22mms[0m[39m
[1m[33m[39m[22m
[1m[33m[0m[36m./node_modules/@nestjs/common/utils/load-package.util.js[39m[33m[0m:[0m[93m12:35-55[39m[33m[0m - [0m[33mWarning: [39m[33m[0mCritical dependency: the request of a dependency is an expression[39m[22m
[1m[33m[39m[22m
[1m[33m[39m[22m
[1m[31m[39m[22m
[1m[31m[0m[36m./node_modules/@nestjs/common/file-stream/streamable-file.js[39m[31m[0m:[0m[93m7:17-34[39m[31m[0m - [0m[91mError: [39m[31m[0mModule not found: Error: Can't resolve 'stream' in 'C:\Users\salim\Dev\avans-nx-workshop-2024\avans-nx-workshop\node_modules\@nestjs\common\file-stream'[39m[22m
[1m[31m[39m[22m
[1m[31mBREAKING CHANGE: webpack < 5 used to include polyfills for node.js core modules by default.[39m[22m
[1m[31mThis is no longer the case. Verify if you need this module and configure a polyfill for it.[39m[22m
[1m[31m[39m[22m
[1m[31mIf you want to include a polyfill, you need to:[39m[22m
[1m[31m	- add a fallback 'resolve.fallback: { "stream": require.resolve("stream-browserify") }'[39m[22m
[1m[31m	- install 'stream-browserify'[39m[22m
[1m[31mIf you don't want to include a polyfill, you can use an empty module like this:[39m[22m
[1m[31m	resolve.fallback: { "stream": false }[39m[22m
[1m[31m[39m[22m
[1m[31m[0m[36m./node_modules/@nestjs/common/file-stream/streamable-file.js[39m[31m[0m:[0m[93m8:15-30[39m[31m[0m - [0m[91mError: [39m[31m[0mModule not found: Error: Can't resolve 'util' in 'C:\Users\salim\Dev\avans-nx-workshop-2024\avans-nx-workshop\node_modules\@nestjs\common\file-stream'[39m[22m
[1m[31m[39m[22m
[1m[31mBREAKING CHANGE: webpack < 5 used to include polyfills for node.js core modules by default.[39m[22m
[1m[31mThis is no longer the case. Verify if you need this module and configure a polyfill for it.[39m[22m
[1m[31m[39m[22m
[1m[31mIf you want to include a polyfill, you need to:[39m[22m
[1m[31m	- add a fallback 'resolve.fallback: { "util": require.resolve("util/") }'[39m[22m
[1m[31m	- install 'util'[39m[22m
[1m[31mIf you don't want to include a polyfill, you can use an empty module like this:[39m[22m
[1m[31m	resolve.fallback: { "util": false }[39m[22m
[1m[31m[39m[22m
[1m[31m[0m[36m./node_modules/@nestjs/common/pipes/validation.pipe.js[39m[31m[0m:[0m[93m10:15-30[39m[31m[0m - [0m[91mError: [39m[31m[0mModule not found: Error: Can't resolve 'util' in 'C:\Users\salim\Dev\avans-nx-workshop-2024\avans-nx-workshop\node_modules\@nestjs\common\pipes'[39m[22m
[1m[31m[39m[22m
[1m[31mBREAKING CHANGE: webpack < 5 used to include polyfills for node.js core modules by default.[39m[22m
[1m[31mThis is no longer the case. Verify if you need this module and configure a polyfill for it.[39m[22m
[1m[31m[39m[22m
[1m[31mIf you want to include a polyfill, you need to:[39m[22m
[1m[31m	- add[39m[22m[1m[31m a fallback 'resolve.fallback: { "util": require.resolve("util/") }'[39m[22m
[1m[31m	- install 'util'[39m[22m
[1m[31mIf you don't want to include a polyfill, you can use an empty module like this:[39m[22m
[1m[31m	resolve.fallback: { "util": false }[39m[22m
[1m[31m[39m[22m
[1m[31m[39m[22m
[37m[39m
[37m[91mÃ—[39m[37m Failed to compile.[39m
[36m-[39m Generating browser application bundles...[2K[1G[36m\[39m Generating browser application bundles (phase: building)...[2K[1G[36m|[39m Generating browser application bundles (phase: sealing)...[2K[1G[32mâˆš[39m Browser application bundle generation complete.
[37m[39m
[37m[0m[1mInitial Chunk Files[22m[2m | [22m[1mNames[22m  [2m | [22m [1mRaw Size[22m[0m[39m
[37m[0m[92mmain.js[39m[37m            [2m | [22mmain   [2m | [22m[96m125.96 kB[39m[37m[2m | [22m[0m[39m
[37m[0m[92mruntime.js[39m[37m         [2m | [22mruntime[2m | [22m  [96m6.51 kB[39m[37m[2m | [22m[0m[39m
[37m[0m[0m[39m
[37m[0m4 unchanged chunks[0m[39m
[37m[0m[0m[39m
[37m[0mBuild at: [1m[37m2024-11-22T12:21:51.764Z[39m[37m[22m - Hash: [1m[37m8c45a25bb408d320[39m[37m[22m - Time: [1m[37m412[39m[37m[22mms[0m[39m
[1m[33m[39m[22m
[1m[33m[0m[36m./node_modules/@nestjs/common/utils/load-package.util.js[39m[33m[0m:[0m[93m12:35-55[39m[33m[0m - [0m[33mWarning: [39m[33m[0mCritical dependency: the request of a dependency is an expression[39m[22m
[1m[33m[39m[22m
[1m[33m[39m[22m
[1m[31m[39m[22m
[1m[31m[0m[36m./node_modules/@nestjs/common/file-stream/streamable-file.js[39m[31m[0m:[0m[93m7:17-34[39m[31m[0m - [0m[91mError: [39m[31m[0mModule not found: Error: Can't resolve 'stream' in 'C:\Users\salim\Dev\avans-nx-workshop-2024\avans-nx-workshop\node_modules\@nestjs\common\file-stream'[39m[22m
[1m[31m[39m[22m
[1m[31mBREAKING CHANGE: webpack < 5 used to include polyfills for node.js core modules by default.[39m[22m
[1m[31mThis is no longer the case. Verify if you need this module and configure a polyfill for it.[39m[22m
[1m[31m[39m[22m
[1m[31mIf you want to include a polyfill, you need to:[39m[22m
[1m[31m	- add a fallback 'resolve.fallback: { "stream": require.resolve("stream-browserify") }'[39m[22m
[1m[31m	- install 'stream-browserify'[39m[22m
[1m[31mIf you don't want to include a polyfill, you can use an empty module like this:[39m[22m
[1m[31m	resolve.fallback: { "stream": false }[39m[22m
[1m[31m[39m[22m
[1m[31m[0m[36m./node_modules/@nestjs/common/file-stream/streamable-file.js[39m[31m[0m:[0m[93m8:15-30[39m[31m[0m - [0m[91mError: [39m[31m[0mModule not found: Error: Can't resolve 'util' in 'C:\Users\salim\Dev\avans-nx-workshop-2024\avans-nx-workshop\node_modules\@nestjs\common\file-stream'[39m[22m
[1m[31m[39m[22m
[1m[31mBREAKING CHANGE: webpack < 5 used to include polyfills for node.js core modules by default.[39m[22m
[1m[31mThis is no longer the case. Verify if you need this module and configure a polyfill for it.[39m[22m
[1m[31m[39m[22m
[1m[31mIf you want to include a polyfill, you need to:[39m[22m
[1m[31m	- add a fallback 'resolve.fallback: { "util": require.resolve("util/") }'[39m[22m
[1m[31m	- install 'util'[39m[22m
[1m[31mIf you don't want to include a polyfill, you can use an empty module like this:[39m[22m
[1m[31m	resolve.fallback: { "util": false }[39m[22m
[1m[31m[39m[22m
[1m[31m[0m[36m./node_modules/@nestjs/common/pipes/validation.pipe.js[39m[31m[0m:[0m[93m10:15-30[39m[31m[0m - [0m[91mError: [39m[31m[0mModule not found: Error: Can't resolve 'util' in 'C:\Users\salim\Dev\avans-nx-workshop-2024\avans-nx-workshop\node_modules\@nestjs\common\pipes'[39m[22m
[1m[31m[39m[22m
[1m[31mBREAKING CHANGE: webpack < 5 used to include polyfills for node.js core modules by default.[39m[22m
[1m[31mThis is no longer the case. Verify if you need this module and configure a polyfill for it.[39m[22m
[1m[31m[39m[22m
[1m[31mIf you want to include a polyfill, you need to:[39m[22m
[1m[31m	- add[39m[22m[1m[31m a fallback 'resolve.fallback: { "util": require.resolve("util/") }'[39m[22m
[1m[31m	- install 'util'[39m[22m
[1m[31mIf you don't want to include a polyfill, you can use an empty module like this:[39m[22m
[1m[31m	resolve.fallback: { "util": false }[39m[22m
[1m[31m[39m[22m
[1m[31m[39m[22m
[37m[39m
[37m[91mÃ—[39m[37m Failed to compile.[39m
[36m-[39m Generating browser application bundles...[2K[1G[36m\[39m Generating browser application bundles (phase: building)...[2K[1G[36m|[39m Generating browser application bundles (phase: building)...[2K[1G[36m/[39m Generating browser application bundles (phase: emitting)...[2K[1G[32mâˆš[39m Browser application bundle generation complete.
[37m[39m
[37m[0m[1mInitial Chunk Files[22m[2m | [22m[1mNames[22m  [2m | [22m [1mRaw Size[22m[0m[39m
[37m[0m[92mvendor.js[39m[37m          [2m | [22mvendor [2m | [22m  [96m2.64 MB[39m[37m[2m | [22m[0m[39m
[37m[0m[92mmain.js[39m[37m            [2m | [22mmain   [2m | [22m[96m118.35 kB[39m[37m[2m | [22m[0m[39m
[37m[0m[92mruntime.js[39m[37m         [2m | [22mruntime[2m | [22m  [96m6.51 kB[39m[37m[2m | [22m[0m[39m
[37m[0m[0m[39m
[37m[0m3 unchanged chunks[0m[39m
[37m[0m[0m[39m
[37m[0mBuild at: [1m[37m2024-11-22T12:22:01.784Z[39m[37m[22m - Hash: [1m[37m867bc5877aaf614f[39m[37m[22m - Time: [1m[37m855[39m[37m[22mms[0m[39m
[37m[39m
[37m[92mâˆš[39m[37m Compiled successfully.[39m
[36m-[39m Generating browser application bundles...[2K[1G[36m\[39m Generating browser application bundles (phase: building)...[2K[1G[36m|[39m Generating browser application bundles (phase: building)...[2K[1G[36m/[39m Generating browser application bundles (phase: building)...[2K[1G[36m-[39m Generating browser application bundles (phase: building)...[2K[1G[36m\[39m Generating browser application bundles (phase: building)...[2K[1G[36m|[39m Generating browser application bundles (phase: building)...[2K[1G[36m/[39m Generating browser application bundles (phase: building)...[2K[1G[36m-[39m Generating browser application bundles (phase: building)...[2K[1G[36m\[39m Generating browser application bundles (phase: sealing)...[2K[1G[36m|[39m Generating browser application bundles (phase: emitting)...[2K[1G[32mâˆš[39m Browser application bundle generation complete.
[37m[39m
[37m[0m[1mInitial Chunk Files[22m[2m | [22m[1mNames[22m  [2m | [22m [1mRaw Size[22m[0m[39m
[37m[0m[92mmain.js[39m[37m            [2m | [22mmain   [2m | [22m[96m118.70 kB[39m[37m[2m | [22m[0m[39m
[37m[0m[92mruntime.js[39m[37m         [2m | [22mruntime[2m | [22m  [96m6.51 kB[39m[37m[2m | [22m[0m[39m
[37m[0m[0m[39m
[37m[0m4 unchanged chunks[0m[39m
[37m[0m[0m[39m
[37m[0mBuild at: [1m[37m2024-11-22T12:27:30.670Z[39m[37m[22m - Hash: [1m[37m2939102c548b57eb[39m[37m[22m - Time: [1m[37m3732[39m[37m[22mms[0m[39m
[37m[39m
[37m[92mâˆš[39m[37m Compiled successfully.[39m
[36m-[39m Generating browser application bundles...[2K[1G[36m\[39m Generating browser application bundles (phase: building)...[2K[1G[36m|[39m Generating browser application bundles (phase: building)...[2K[1G[36m/[39m Generating browser application bundles (phase: building)...[2K[1G[36m-[39m Generating browser application bundles (phase: sealing)...[2K[1G[36m\[39m Generating browser application bundles (phase: emitting)...[2K[1G[32mâˆš[39m Browser application bundle generation complete.
[37m[39m
[37m[0m[1mInitial Chunk Files[22m[2m | [22m[1mNames[22m  [2m | [22m [1mRaw Size[22m[0m[39m
[37m[0m[92mmain.js[39m[37m            [2m | [22mmain   [2m | [22m[96m118.43 kB[39m[37m[2m | [22m[0m[39m
[37m[0m[92mruntime.js[39m[37m         [2m | [22mruntime[2m | [22m  [96m6.51 kB[39m[37m[2m | [22m[0m[39m
[37m[0m[0m[39m
[37m[0m4 unchanged chunks[0m[39m
[37m[0m[0m[39m
[37m[0mBuild at: [1m[37m2024-11-22T12:32:49.277Z[39m[37m[22m - Hash: [1m[37mb71682f858a0ee50[39m[37m[22m - Time: [1m[37m1864[39m[37m[22mms[0m[39m
[37m[39m
[37m[92mâˆš[39m[37m Compiled successfully.[39m
[36m-[39m Generating browser application bundles...[2K[1G[36m\[39m Generating browser application bundles (phase: building)...[2K[1G[36m|[39m Generating browser application bundles (phase: building)...[2K[1G[36m/[39m Generating browser application bundles (phase: building)...[2K[1G[36m-[39m Generating browser application bundles (phase: building)...[2K[1G[36m\[39m Generating browser application bundles (phase: sealing)...[2K[1G[36m|[39m Generating browser application bundles (phase: emitting)...[2K[1G[32mâˆš[39m Browser application bundle generation complete.
[37m[39m
[37m[0m[1mInitial Chunk Files[22m[2m | [22m[1mNames[22m  [2m | [22m [1mRaw Size[22m[0m[39m
[37m[0m[92mmain.js[39m[37m            [2m | [22mmain   [2m | [22m[96m118.08 kB[39m[37m[2m | [22m[0m[39m
[37m[0m[92mruntime.js[39m[37m         [2m | [22mruntime[2m | [22m  [96m6.51 kB[39m[37m[2m | [22m[0m[39m
[37m[0m[0m[39m
[37m[0m4 unchanged chunks[0m[39m
[37m[0m[0m[39m
[37m[0mBuild at: [1m[37m2024-11-22T12:32:53.689Z[39m[37m[22m - Hash: [1m[37me233bd857db0504b[39m[37m[22m - Time: [1m[37m1555[39m[37m[22mms[0m[39m
[37m[39m
[37m[92mâˆš[39m[37m Compiled successfully.[39m
[36m-[39m Generating browser application bundles...[2K[1G[36m\[39m Generating browser application bundles (phase: building)...[2K[1G[36m|[39m Generating browser application bundles (phase: sealing)...[2K[1G[36m/[39m Generating browser application bundles (phase: emitting)...[2K[1G[32mâˆš[39m Browser application bundle generation complete.
[37m[39m
[37m[0m[1mInitial Chunk Files[22m[2m | [22m[1mNames[22m  [2m | [22m [1mRaw Size[22m[0m[39m
[37m[0m[92mmain.js[39m[37m            [2m | [22mmain   [2m | [22m[96m117.60 kB[39m[37m[2m | [22m[0m[39m
[37m[0m[92mruntime.js[39m[37m         [2m | [22mruntime[2m | [22m  [96m6.51 kB[39m[37m[2m | [22m[0m[39m
[37m[0m[0m[39m
[37m[0m4 unchanged chunks[0m[39m
[37m[0m[0m[39m
[37m[0mBuild at: [1m[37m2024-11-22T12:33:18.000Z[39m[37m[22m - Hash: [1m[37m7fe1956158cf8d6f[39m[37m[22m - Time: [1m[37m549[39m[37m[22mms[0m[39m
[37m[39m
[37m[92mâˆš[39m[37m Compiled successfully.[39m
[36m-[39m Generating browser application bundles...[2K[1G[36m\[39m Generating browser application bundles (phase: building)...[2K[1G[36m|[39m Generating browser application bundles (phase: building)...[2K[1G[36m/[39m Generating browser application bundles (phase: building)...[2K[1G[36m-[39m Generating browser application bundles (phase: building)...[2K[1G[36m\[39m Generating browser application bundles (phase: sealing)...[2K[1G[36m|[39m Generating browser application bundles (phase: emitting)...[2K[1G[32mâˆš[39m Browser application bundle generation complete.
[37m[39m
[37m[0m[1mInitial Chunk Files[22m[2m | [22m[1mNames[22m  [2m | [22m[1mRaw Size[22m[0m[39m
[37m[0m[92mmain.js[39m[37m            [2m | [22mmain   [2m | [22m[96m99.32 kB[39m[37m[2m | [22m[0m[39m
[37m[0m[92mruntime.js[39m[37m         [2m | [22mruntime[2m | [22m [96m6.51 kB[39m[37m[2m | [22m[0m[39m
[37m[0m[0m[39m
[37m[0m4 unchanged chunks[0m[39m
[37m[0m[0m[39m
[37m[0mBuild at: [1m[37m2024-11-22T12:39:56.140Z[39m[37m[22m - Hash: [1m[37mf68fa29f95c14e63[39m[37m[22m - Time: [1m[37m2794[39m[37m[22mms[0m[39m
[37m[39m
[37m[92mâˆš[39m[37m Compiled successfully.[39m
[36m-[39m Generating browser application bundles...[2K[1G[36m\[39m Generating browser application bundles (phase: building)...[2K[1G[36m|[39m Generating browser application bundles (phase: sealing)...[2K[1G[32mâˆš[39m Browser application bundle generation complete.
[37m[39m
[37m[0m[1mInitial Chunk Files[22m[2m | [22m[1mNames[22m  [2m | [22m [1mRaw Size[22m[0m[39m
[37m[0m[92mmain.js[39m[37m            [2m | [22mmain   [2m | [22m[96m100.51 kB[39m[37m[2m | [22m[0m[39m
[37m[0m[92mruntime.js[39m[37m         [2m | [22mruntime[2m | [22m  [96m6.51 kB[39m[37m[2m | [22m[0m[39m
[37m[0m[0m[39m
[37m[0m4 unchanged chunks[0m[39m
[37m[0m[0m[39m
[37m[0mBuild at: [1m[37m2024-11-22T12:40:48.777Z[39m[37m[22m - Hash: [1m[37m0f3737ccff2950de[39m[37m[22m - Time: [1m[37m462[39m[37m[22mms[0m[39m
[37m[39m
[37m[92mâˆš[39m[37m Compiled successfully.[39m
[36m-[39m Generating browser application bundles...[2K[1G[36m\[39m Generating browser application bundles (phase: building)...[2K[1G[36m|[39m Generating browser application bundles (phase: emitting)...[2K[1G[32mâˆš[39m Browser application bundle generation complete.
[37m[39m
[37m[0m[1mInitial Chunk Files[22m[2m | [22m[1mNames[22m  [2m | [22m [1mRaw Size[22m[0m[39m
[37m[0m[92mmain.js[39m[37m            [2m | [22mmain   [2m | [22m[96m106.29 kB[39m[37m[2m | [22m[0m[39m
[37m[0m[92mruntime.js[39m[37m         [2m | [22mruntime[2m | [22m  [96m6.51 kB[39m[37m[2m | [22m[0m[39m
[37m[0m[0m[39m
[37m[0m4 unchanged chunks[0m[39m
[37m[0m[0m[39m
[37m[0mBuild at: [1m[37m2024-11-22T12:41:14.833Z[39m[37m[22m - Hash: [1m[37ma95a8954614c0d13[39m[37m[22m - Time: [1m[37m404[39m[37m[22mms[0m[39m
[37m[39m
[37m[92mâˆš[39m[37m Compiled successfully.[39m
[36m-[39m Generating browser application bundles...[2K[1G[36m\[39m Generating browser application bundles (phase: building)...[2K[1G[36m|[39m Generating browser application bundles (phase: sealing)...[2K[1G[36m/[39m Generating browser application bundles (phase: sealing)...[2K[1G[32mâˆš[39m Browser application bundle generation complete.
[37m[39m
[37m[0m[1mInitial Chunk Files[22m[2m | [22m[1mNames[22m  [2m | [22m[1mRaw Size[22m[0m[39m
[37m[0m[92mruntime.js[39m[37m         [2m | [22mruntime[2m | [22m [96m6.51 kB[39m[37m[2m | [22m[0m[39m
[37m[0m[0m[39m
[37m[0m5 unchanged chunks[0m[39m
[37m[0m[0m[39m
[37m[0mBuild at: [1m[37m2024-11-22T12:46:17.416Z[39m[37m[22m - Hash: [1m[37mae243e9b5e421338[39m[37m[22m - Time: [1m[37m7433[39m[37m[22mms[0m[39m
[1m[31m[39m[22m
[1m[31m[0m[91mError: [39m[31m[0m[96mlibs/backend/user/src/lib/recipe.module.ts[0m:[93m4[0m:[93m31[0m - [91merror[0m[90m TS2306: [0mFile 'C:/Users/salim/Dev/avans-nx-workshop-2024/avans-nx-workshop/libs/backend/user/src/lib/recipe/recipe.service.ts' is not a module.[39m[22m
[1m[31m[39m[22m
[1m[31m[7m4[0m import { RecipeService } from './recipe/recipe.service';[39m[22m
[1m[31m[7m [0m [91m                              ~~~~~~~~~~~~~~~~~~~~~~~~~[0m[39m[22m
[1m[31m[39m[22m
[1m[31m[39m[22m
[1m[31m[0m[91mError: [39m[31m[0m[96mlibs/backend/user/src/lib/recipe/recipe.controller.ts[0m:[93m2[0m:[93m31[0m - [91merror[0m[90m TS2306: [0mFile 'C:/Users/salim/Dev/avans-nx-workshop-2024/avans-nx-workshop/libs/backend/user/src/lib/recipe/recipe.service.ts' is not a module.[39m[22m
[1m[31m[39m[22m
[1m[31m[7m2[0m import { RecipeService } from './recipe.service';[39m[22m
[1m[31m[7m [0m [91m                              ~~~~~~~~~~~~~~~~~~[0m[39m[22m
[1m[31m[39m[22m
[1m[31m[39m[22m
[1m[31m[0m[91mError: [39m[31m[0m[96mlibs/backend/user/src/lib/recipe/recipe.schema.ts[0m:[93m9[0m:[93m3[0m - [91merror[0m[90m TS2564: [0mProperty 'title' has no initializer and is not definitely assigned in the constructor.[39m[22m
[1m[31m[39m[22m
[1m[31m[7m9[0m   title: string;[39m[22m
[1m[31m[7m [0m [91m  ~~~~~[0m[39m[22m
[1m[31m[39m[22m
[1m[31m[39m[22m
[1m[31m[0m[91mError: [39m[31m[0m[96mlibs/backend/user/src/lib/recipe/recipe.schema.ts[0m:[93m12[0m:[93m3[0m - [91merror[0m[90m TS2564: [0mProperty 'description' has no initializer and is not definitely assigned in the constructor.[39m[22m
[1m[31m[39m[22m
[1m[31m[7m12[0m   description: string;[39m[22m
[1m[31m[7m  [0m [91m  ~~~~~~~~~~~[0m[39m[22m
[1m[31m[39m[22m
[1m[31m[39m[22m
[1m[31m[0m[91mError: [39m[31m[0m[96mlibs/backend/user/src/lib/recipe/recipe.schema.ts[0m:[93m15[0m:[93m3[0m - [91merror[0m[90m TS2564: [0mProperty 'ingredients' has no initializer and is not definitely assigned in the constructor.[39m[22m
[1m[31m[39m[22m
[1m[31m[7m15[0m   ingredients: string[]; // Array of ingredients[39m[22m
[1m[31m[7m  [0m [91m  ~~~~~~~~~~~[0m[39m[22m
[1m[31m[39m[22m
[1m[31m[39m[22m
[1m[31m[0m[91mError: [39m[31m[0m[96mlibs/backend/user/src/lib/recipe/recipe.schema.ts[0m:[93m18[0m:[93m3[0m - [91merror[0m[90m TS2564: [0mProperty 'steps' has no initializer and is not definitely assigned in the constructor.[39m[22m
[1m[31m[39m[22m
[1m[31m[7[39m[22m[1m[31mm18[0m   steps: string[]; // Array of cooking steps[39m[22m
[1m[31m[7m  [0m [91m  ~~~~~[0m[39m[22m
[1m[31m[39m[22m
[1m[31m[39m[22m
[1m[31m[0m[91mError: [39m[31m[0m[96mlibs/backend/user/src/lib/recipe/recipe.schema.ts[0m:[93m21[0m:[93m3[0m - [91merror[0m[90m TS2564: [0mProperty 'cookingTime' has no initializer and is not definitely assigned in the constructor.[39m[22m
[1m[31m[39m[22m
[1m[31m[7m21[0m   cookingTime: number; // Time in minutes[39m[22m
[1m[31m[7m  [0m [91m  ~~~~~~~~~~~[0m[39m[22m
[1m[31m[39m[22m
[1m[31m[39m[22m
[1m[31m[0m[91mError: [39m[31m[0m[96mlibs/backend/user/src/lib/recipe/recipe.schema.ts[0m:[93m24[0m:[93m3[0m - [91merror[0m[90m TS2564: [0mProperty 'createdAt' has no initializer and is not definitely assigned in the constructor.[39m[22m
[1m[31m[39m[22m
[1m[31m[7m24[0m   createdAt: Date;[39m[22m
[1m[31m[7m  [0m [91m  ~~~~~~~~~[0m[39m[22m
[1m[31m[39m[22m
[1m[31m[39m[22m
[1m[31m[39m[22m
[37m[39m
[37m[91mÃ—[39m[37m Failed to compile.[39m
[36m-[39m Generating browser application bundles...[2K[1G[36m\[39m Generating browser application bundles (phase: building)...[2K[1G[36m|[39m Generating browser application bundles (phase: sealing)...[2K[1G[32mâˆš[39m Browser application bundle generation complete.
[37m[39m
[37m[0m[1mInitial Chunk Files[22m[2m | [22m[1mNames[22m  [2m | [22m[1mRaw Size[22m[0m[39m
[37m[0m[92mruntime.js[39m[37m         [2m | [22mruntime[2m | [22m [96m6.51 kB[39m[37m[2m | [22m[0m[39m
[37m[0m[0m[39m
[37m[0m5 unchanged chunks[0m[39m
[37m[0m[0m[39m
[37m[0mBuild at: [1m[37m2024-11-22T12:46:49.761Z[39m[37m[22m - Hash: [1m[37m8b156942ce51a7ad[39m[37m[22m - Time: [1m[37m3744[39m[37m[22mms[0m[39m
[1m[31m[39m[22m
[1m[31m[0m[91mError: [39m[31m[0m[96mlibs/backend/user/src/index.ts[0m:[93m8[0m:[93m15[0m - [91merror[0m[90m TS2306: [0mFile 'C:/Users/salim/Dev/avans-nx-workshop-2024/avans-nx-workshop/libs/backend/user/src/lib/recipe/recipe.service.ts' is not a module.[39m[22m
[1m[31m[39m[22m
[1m[31m[7m8[0m export * from './lib/recipe/recipe.service'[39m[22m
[1m[31m[7m [0m [91m              ~~~~~~~~~~~~~~~~~~~~~~~~~~~~~[0m[39m[22m
[1m[31m[39m[22m
[1m[31m[39m[22m
[1m[31m[0m[91mError: [39m[31m[0m[96mlibs/backend/user/src/lib/recipe.module.ts[0m:[93m4[0m:[93m31[0m - [91merror[0m[90m TS2306: [0mFile 'C:/Users/salim/Dev/avans-nx-workshop-2024/avans-nx-workshop/libs/backend/user/src/lib/recipe/recipe.service.ts' is not a module.[39m[22m
[1m[31m[39m[22m
[1m[31m[7m4[0m import { RecipeService } from './recipe/recipe.service';[39m[22m
[1m[31m[7m [0m [91m                              ~~~~~~~~~~~~~~~~~~~~~~~~~[0m[39m[22m
[1m[31m[39m[22m
[1m[31m[39m[22m
[1m[31m[0m[91mError: [39m[31m[0m[96mlibs/backend/user/src/lib/recipe/recipe.controller.ts[0m:[93m2[0m:[93m31[0m - [91merror[0m[90m TS2306: [0mFile 'C:/Users/salim/Dev/avans-nx-workshop-2024/avans-nx-workshop/libs/backend/user/src/lib/recipe/recipe.service.ts' is not a module.[39m[22m
[1m[31m[39m[22m
[1m[31m[7m2[0m import { RecipeService } from './recipe.service';[39m[22m
[1m[31m[7m [0m [91m                              ~~~~~~~~~~~~~~~~~~[0m[39m[22m
[1m[31m[39m[22m
[1m[31m[39m[22m
[1m[31m[0m[91mError: [39m[31m[0m[96mlibs/backend/user/src/lib/recipe/recipe.schema.ts[0m:[93m9[0m:[93m3[0m - [91merror[0m[90m TS2564: [0mProperty 'title' has no initializer and is not definitely assigned in the constructor.[39m[22m
[1m[31m[39m[22m
[1m[31m[7m9[0m   title: string;[39m[22m
[1m[31m[7m [0m [91m  ~~~~~[0m[39m[22m
[1m[31m[39m[22m
[1m[31m[39m[22m
[1m[31m[0m[91mError: [39m[31m[0m[96mlibs/backend/user/src/lib/recipe/recipe.schema.ts[0m:[93m12[0m:[93m3[0m - [91merror[0m[90m TS2564: [0mProperty 'description' has no initializer and is not definitely assigned in the constructor.[39m[22m
[1m[31m[39m[22m
[1m[31m[7m12[0m   description: string;[39m[22m
[1m[31m[7m  [0m [91m  ~~~~~~~~~~~[0m[39m[22m
[1m[31m[39m[22m
[1m[31m[39m[22m
[1m[31m[0m[91mError: [39m[31m[0m[96mlibs/backend/user/src/lib/recipe/recipe.schema.ts[0m:[93m15[0m:[93m3[0m - [91merror[0m[90m TS2564: [0mProperty 'ingredients' has no initializer and i[39m[22m[1m[31ms not definitely assigned in the constructor.[39m[22m
[1m[31m[39m[22m
[1m[31m[7m15[0m   ingredients: string[]; // Array of ingredients[39m[22m
[1m[31m[7m  [0m [91m  ~~~~~~~~~~~[0m[39m[22m
[1m[31m[39m[22m
[1m[31m[39m[22m
[1m[31m[0m[91mError: [39m[31m[0m[96mlibs/backend/user/src/lib/recipe/recipe.schema.ts[0m:[93m18[0m:[93m3[0m - [91merror[0m[90m TS2564: [0mProperty 'steps' has no initializer and is not definitely assigned in the constructor.[39m[22m
[1m[31m[39m[22m
[1m[31m[7m18[0m   steps: string[]; // Array of cooking steps[39m[22m
[1m[31m[7m  [0m [91m  ~~~~~[0m[39m[22m
[1m[31m[39m[22m
[1m[31m[39m[22m
[1m[31m[0m[91mError: [39m[31m[0m[96mlibs/backend/user/src/lib/recipe/recipe.schema.ts[0m:[93m21[0m:[93m3[0m - [91merror[0m[90m TS2564: [0mProperty 'cookingTime' has no initializer and is not definitely assigned in the constructor.[39m[22m
[1m[31m[39m[22m
[1m[31m[7m21[0m   cookingTime: number; // Time in minutes[39m[22m
[1m[31m[7m  [0m [91m  ~~~~~~~~~~~[0m[39m[22m
[1m[31m[39m[22m
[1m[31m[39m[22m
[1m[31m[0m[91mError: [39m[31m[0m[96mlibs/backend/user/src/lib/recipe/recipe.schema.ts[0m:[93m24[0m:[93m3[0m - [91merror[0m[90m TS2564: [0mProperty 'createdAt' has no initializer and is not definitely assigned in the constructor.[39m[22m
[1m[31m[39m[22m
[1m[31m[7m24[0m   createdAt: Date;[39m[22m
[1m[31m[7m  [0m [91m  ~~~~~~~~~[0m[39m[22m
[1m[31m[39m[22m
[1m[31m[39m[22m
[1m[31m[39m[22m
[37m[39m
[37m[91mÃ—[39m[37m Failed to compile.[39m
[36m-[39m Generating browser application bundles...[2K[1G[36m\[39m Generating browser application bundles (phase: building)...[2K[1G[32mâˆš[39m Browser application bundle generation complete.
[37m[39m
[37m[0m[1mInitial Chunk Files[22m[2m | [22m[1mNames[22m  [2m | [22m[1mRaw Size[22m[0m[39m
[37m[0m[92mruntime.js[39m[37m         [2m | [22mruntime[2m | [22m [96m6.51 kB[39m[37m[2m | [22m[0m[39m
[37m[0m[0m[39m
[37m[0m5 unchanged chunks[0m[39m
[37m[0m[0m[39m
[37m[0mBuild at: [1m[37m2024-11-22T12:46:50.173Z[39m[37m[22m - Hash: [1m[37mbdd2870828d30539[39m[37m[22m - Time: [1m[37m367[39m[37m[22mms[0m[39m
[1m[31m[39m[22m
[1m[31m[0m[91mError: [39m[31m[0m[96mlibs/backend/user/src/lib/recipe/recipe.schema.ts[0m:[93m9[0m:[93m3[0m - [91merror[0m[90m TS2564: [0mProperty 'title' has no initializer and is not definitely assigned in the constructor.[39m[22m
[1m[31m[39m[22m
[1m[31m[7m9[0m   title: string;[39m[22m
[1m[31m[7m [0m [91m  ~~~~~[0m[39m[22m
[1m[31m[39m[22m
[1m[31m[39m[22m
[1m[31m[0m[91mError: [39m[31m[0m[96mlibs/backend/user/src/lib/recipe/recipe.schema.ts[0m:[93m12[0m:[93m3[0m - [91merror[0m[90m TS2564: [0mProperty 'description' has no initializer and is not definitely assigned in the constructor.[39m[22m
[1m[31m[39m[22m
[1m[31m[7m12[0m   description: string;[39m[22m
[1m[31m[7m  [0m [91m  ~~~~~~~~~~~[0m[39m[22m
[1m[31m[39m[22m
[1m[31m[39m[22m
[1m[31m[0m[91mError: [39m[31m[0m[96mlibs/backend/user/src/lib/recipe/recipe.schema.ts[0m:[93m15[0m:[93m3[0m - [91merror[0m[90m TS2564: [0mProperty 'ingredients' has no initializer and is not definitely assigned in the constructor.[39m[22m
[1m[31m[39m[22m
[1m[31m[7m15[0m   ingredients: string[]; // Array of ingredients[39m[22m
[1m[31m[7m  [0m [91m  ~~~~~~~~~~~[0m[39m[22m
[1m[31m[39m[22m
[1m[31m[39m[22m
[1m[31m[0m[91mError: [39m[31m[0m[96mlibs/backend/user/src/lib/recipe/recipe.schema.ts[0m:[93m18[0m:[93m3[0m - [91merror[0m[90m TS2564: [0mProperty 'steps' has no initializer and is not definitely assigned in the constructor.[39m[22m
[1m[31m[39m[22m
[1m[31m[7m18[0m   steps: string[]; // Array of cooking steps[39m[22m
[1m[31m[7m  [0m [91m  ~~~~~[0m[39m[22m
[1m[31m[39m[22m
[1m[31m[39m[22m
[1m[31m[0m[91mError: [39m[31m[0m[96mlibs/backend/user/src/lib/recipe/recipe.schema.ts[0m:[93m21[0m:[93m3[0m - [91merror[0m[90m TS2564: [0mProperty 'cookingTime' has no initializer and is not definitely assigned in the constructor.[39m[22m
[1m[31m[39m[22m
[1m[31m[7m21[0m   cookingTime: number; // Time in minutes[39m[22m
[1m[31m[7m  [0m [91m  ~~~~~~~~~~~[0m[39m[22m
[1m[31m[39m[22m
[1m[31m[39m[22m
[1m[31m[0m[91mError: [39m[31m[0m[96mlibs/backend/user/src/lib/recipe/recipe.schema.ts[0m:[93m24[0m:[93m3[0m - [91merror[0m[90m TS2564: [0mProperty 'createdAt' has no initializer and is not definitely assigned in the constructor.[39m[22m
[1m[31m[39m[22m
[1m[31m[7m24[0m   createdAt: Date;[39m[22m
[1m[31m[7m  [0m [91m  ~~~~~~~~~[0m[39m[22m
[1m[31m[39m[22m
[1m[31m[39m[22m
[1m[31m[0m[91mError: [39m[31m[0m[96mlibs/backend/user/src/lib/recipe/recipe.service.ts[0m:[93m20[0m:[93m5[0m - [91merro[39m[22m[1m[31mr[0m[90m TS2322: [0mType '(Document<unknown, {}, RecipeDocument> & Recipe & Document<unknown, any, any> & Required<{ _id: unknown; }> & { __v: number; }) | null' is not assignable to type 'Recipe'.[39m[22m
[1m[31m  Type 'null' is not assignable to type 'Recipe'.[39m[22m
[1m[31m[39m[22m
[1m[31m[7m20[0m     return this.recipeModel.findById(id).exec();[39m[22m
[1m[31m[7m  [0m [91m    ~~~~~~[0m[39m[22m
[1m[31m[39m[22m
[1m[31m[39m[22m
[1m[31m[0m[91mError: [39m[31m[0m[96mlibs/backend/user/src/lib/recipe/recipe.service.ts[0m:[93m24[0m:[93m5[0m - [91merror[0m[90m TS2322: [0mType '(Document<unknown, {}, RecipeDocument> & Recipe & Document<unknown, any, any> & Required<{ _id: unknown; }> & { __v: number; }) | null' is not assignable to type 'Recipe'.[39m[22m
[1m[31m  Type 'null' is not assignable to type 'Recipe'.[39m[22m
[1m[31m[39m[22m
[1m[31m[7m24[0m     return this.recipeModel.findByIdAndUpdate(id, recipeData, { new: true }).exec();[39m[22m
[1m[31m[7m  [0m [91m    ~~~~~~[0m[39m[22m
[1m[31m[39m[22m
[1m[31m[39m[22m
[1m[31m[39m[22m
[37m[39m
[37m[91mÃ—[39m[37m Failed to compile.[39m
[36m-[39m Generating browser application bundles...[2K[1G[36m\[39m Generating browser application bundles (phase: building)...[2K[1G[36m|[39m Generating browser application bundles (phase: building)...[2K[1G[36m/[39m Generating browser application bundles (phase: sealing)...[2K[1G[32mâˆš[39m Browser application bundle generation complete.
[37m[39m
[37m[0m[1mInitial Chunk Files[22m[2m | [22m[1mNames[22m  [2m | [22m[1mRaw Size[22m[0m[39m
[37m[0m[92mruntime.js[39m[37m         [2m | [22mruntime[2m | [22m [96m6.51 kB[39m[37m[2m | [22m[0m[39m
[37m[0m[0m[39m
[37m[0m5 unchanged chunks[0m[39m
[37m[0m[0m[39m
[37m[0mBuild at: [1m[37m2024-11-22T12:48:30.621Z[39m[37m[22m - Hash: [1m[37mfa311d5a183a6722[39m[37m[22m - Time: [1m[37m2277[39m[37m[22mms[0m[39m
[1m[31m[39m[22m
[1m[31m[0m[91mError: [39m[31m[0m[96mlibs/backend/user/src/lib/recipe/recipe.service.ts[0m:[93m20[0m:[93m5[0m - [91merror[0m[90m TS2322: [0mType '(Document<unknown, {}, RecipeDocument> & Recipe & Document<unknown, any, any> & Required<{ _id: unknown; }> & { __v: number; }) | null' is not assignable to type 'Recipe'.[39m[22m
[1m[31m  Type 'null' is not assignable to type 'Recipe'.[39m[22m
[1m[31m[39m[22m
[1m[31m[7m20[0m     return this.recipeModel.findById(id).exec();[39m[22m
[1m[31m[7m  [0m [91m    ~~~~~~[0m[39m[22m
[1m[31m[39m[22m
[1m[31m[39m[22m
[1m[31m[0m[91mError: [39m[31m[0m[96mlibs/backend/user/src/lib/recipe/recipe.service.ts[0m:[93m24[0m:[93m5[0m - [91merror[0m[90m TS2322: [0mType '(Document<unknown, {}, RecipeDocument> & Recipe & Document<unknown, any, any> & Required<{ _id: unknown; }> & { __v: number; }) | null' is not assignable to type 'Recipe'.[39m[22m
[1m[31m  Type 'null' is not assignable to type 'Recipe'.[39m[22m
[1m[31m[39m[22m
[1m[31m[7m24[0m     return this.recipeModel.findByIdAndUpdate(id, recipeData, { new: true }).exec();[39m[22m
[1m[31m[7m  [0m [91m    ~~~~~~[0m[39m[22m
[1m[31m[39m[22m
[1m[31m[39m[22m
[1m[31m[39m[22m
[37m[39m
[37m[91mÃ—[39m[37m Failed to compile.[39m
[36m-[39m Generating browser application bundles...[2K[1G[36m\[39m Generating browser application bundles (phase: building)...[2K[1G[32mâˆš[39m Browser application bundle generation complete.
[37m[39m
[37m[0m6 unchanged chunks[0m[39m
[37m[0m[0m[39m
[37m[0mBuild at: [1m[37m2024-11-22T12:49:52.475Z[39m[37m[22m - Hash: [1m[37mfa311d5a183a6722[39m[37m[22m - Time: [1m[37m2983[39m[37m[22mms[0m[39m
[1m[31m[39m[22m
[1m[31m[0m[91mError: [39m[31m[0m[96mlibs/backend/user/src/lib/recipe/recipe.service.ts[0m:[93m20[0m:[93m5[0m - [91merror[0m[90m TS2322: [0mType '(Document<unknown, {}, RecipeDocument> & Recipe & Document<unknown, any, any> & Required<{ _id: unknown; }> & { __v: number; }) | null' is not assignable to type 'Recipe'.[39m[22m
[1m[31m  Type 'null' is not assignable to type 'Recipe'.[39m[22m
[1m[31m[39m[22m
[1m[31m[7m20[0m     return this.recipeModel.findById(id).exec();[39m[22m
[1m[31m[7m  [0m [91m    ~~~~~~[0m[39m[22m
[1m[31m[39m[22m
[1m[31m[39m[22m
[1m[31m[0m[91mError: [39m[31m[0m[96mlibs/backend/user/src/lib/recipe/recipe.service.ts[0m:[93m24[0m:[93m5[0m - [91merror[0m[90m TS2322: [0mType '(Document<unknown, {}, RecipeDocument> & Recipe & Document<unknown, any, any> & Required<{ _id: unknown; }> & { __v: number; }) | null' is not assignable to type 'Recipe'.[39m[22m
[1m[31m  Type 'null' is not assignable to type 'Recipe'.[39m[22m
[1m[31m[39m[22m
[1m[31m[7m24[0m     return this.recipeModel.findByIdAndUpdate(id, recipeData, { new: true }).exec();[39m[22m
[1m[31m[7m  [0m [91m    ~~~~~~[0m[39m[22m
[1m[31m[39m[22m
[1m[31m[39m[22m
[1m[31m[39m[22m
[37m[39m
[37m[91mÃ—[39m[37m Failed to compile.[39m
[36m-[39m Generating browser application bundles...[2K[1G[36m\[39m Generating browser application bundles (phase: building)...[2K[1G[36m|[39m Generating browser application bundles (phase: building)...[2K[1G[36m/[39m Generating browser application bundles (phase: sealing)...[2K[1G[36m-[39m Generating browser application bundles (phase: sealing)...[2K[1G[36m\[39m Generating browser application bundles (phase: sealing)...[2K[1G[32mâˆš[39m Browser application bundle generation complete.
[37m[39m
[37m[0m6 unchanged chunks[0m[39m
[37m[0m[0m[39m
[37m[0mBuild at: [1m[37m2024-11-22T12:51:04.828Z[39m[37m[22m - Hash: [1m[37mfa311d5a183a6722[39m[37m[22m - Time: [1m[37m1952[39m[37m[22mms[0m[39m
[1m[31m[39m[22m
[1m[31m[0m[91mError: [39m[31m[0m[96mlibs/backend/user/src/lib/recipe/recipe.service.ts[0m:[93m20[0m:[93m5[0m - [91merror[0m[90m TS2322: [0mType '(Document<unknown, {}, RecipeDocument> & Recipe & Document<unknown, any, any> & Required<{ _id: unknown; }> & { __v: number; }) | null' is not assignable to type 'Recipe'.[39m[22m
[1m[31m  Type 'null' is not assignable to type 'Recipe'.[39m[22m
[1m[31m[39m[22m
[1m[31m[7m20[0m     return this.recipeModel.findById(id).exec();[39m[22m
[1m[31m[7m  [0m [91m    ~~~~~~[0m[39m[22m
[1m[31m[39m[22m
[1m[31m[39m[22m
[1m[31m[0m[91mError: [39m[31m[0m[96mlibs/backend/user/src/lib/recipe/recipe.service.ts[0m:[93m24[0m:[93m5[0m - [91merror[0m[90m TS2322: [0mType '(Document<unknown, {}, RecipeDocument> & Recipe & Document<unknown, any, any> & Required<{ _id: unknown; }> & { __v: number; }) | null' is not assignable to type 'Recipe'.[39m[22m
[1m[31m  Type 'null' is not assignable to type 'Recipe'.[39m[22m
[1m[31m[39m[22m
[1m[31m[7m24[0m     return this.recipeModel.findByIdAndUpdate(id, recipeData, { new: true }).exec();[39m[22m
[1m[31m[7m  [0m [91m    ~~~~~~[0m[39m[22m
[1m[31m[39m[22m
[1m[31m[39m[22m
[1m[31m[39m[22m
[37m[39m
[37m[91mÃ—[39m[37m Failed to compile.[39m
[36m-[39m Generating browser application bundles...[2K[1G[36m\[39m Generating browser application bundles (phase: building)...[2K[1G[36m|[39m Generating browser application bundles (phase: sealing)...[2K[1G[32mâˆš[39m Browser application bundle generation complete.
[37m[39m
[37m[0m[1mInitial Chunk Files[22m[2m | [22m[1mNames[22m  [2m | [22m[1mRaw Size[22m[0m[39m
[37m[0m[92mruntime.js[39m[37m         [2m | [22mruntime[2m | [22m [96m6.51 kB[39m[37m[2m | [22m[0m[39m
[37m[0m[0m[39m
[37m[0m5 unchanged chunks[0m[39m
[37m[0m[0m[39m
[37m[0mBuild at: [1m[37m2024-11-22T12:51:15.157Z[39m[37m[22m - Hash: [1m[37m4101f4f2a6e2e011[39m[37m[22m - Time: [1m[37m2374[39m[37m[22mms[0m[39m
[1m[31m[39m[22m
[1m[31m[0m[91mError: [39m[31m[0m[96mlibs/backend/user/src/lib/recipe/recipe.controller.ts[0m:[93m26[0m:[93m5[0m - [91merror[0m[90m TS2322: [0mType 'Recipe | null' is not assignable to type 'Recipe'.[39m[22m
[1m[31m  Type 'null' is not assignable to type 'Recipe'.[39m[22m
[1m[31m[39m[22m
[1m[31m[7m26[0m     return this.recipeService.update(id, recipeData);[39m[22m
[1m[31m[7m  [0m [91m    ~~~~~~[0m[39m[22m
[1m[31m[39m[22m
[1m[31m[39m[22m
[1m[31m[0m[91mError: [39m[31m[0m[96mlibs/backend/user/src/lib/recipe/recipe.controller.ts[0m:[93m31[0m:[93m5[0m - [91merror[0m[90m TS2322: [0mType 'boolean' is not assignable to type 'void'.[39m[22m
[1m[31m[39m[22m
[1m[31m[7m31[0m     return this.recipeService.delete(id);[39m[22m
[1m[31m[7m  [0m [91m    ~~~~~~[0m[39m[22m
[1m[31m[39m[22m
[1m[31m[39m[22m
[1m[31m[39m[22m
[37m[39m
[37m[91mÃ—[39m[37m Failed to compile.[39m
[36m-[39m Generating browser application bundles...[2K[1G[36m\[39m Generating browser application bundles (phase: building)...[2K[1G[36m|[39m Generating browser application bundles (phase: building)...[2K[1G[36m/[39m Generating browser application bundles (phase: building)...[2K[1G[36m-[39m Generating browser application bundles (phase: building)...[2K[1G[36m\[39m Generating browser application bundles (phase: building)...[2K[1G[36m|[39m Generating browser application bundles (phase: building)...[2K[1G[36m/[39m Generating browser application bundles (phase: sealing)...[2K[1G[32mâˆš[39m Browser application bundle generation complete.
[37m[39m
[37m[0m[1mInitial Chunk Files[22m[2m | [22m[1mNames[22m  [2m | [22m [1mRaw Size[22m[0m[39m
[37m[0m[92mmain.js[39m[37m            [2m | [22mmain   [2m | [22m[96m106.29 kB[39m[37m[2m | [22m[0m[39m
[37m[0m[92mruntime.js[39m[37m         [2m | [22mruntime[2m | [22m  [96m6.51 kB[39m[37m[2m | [22m[0m[39m
[37m[0m[0m[39m
[37m[0m4 unchanged chunks[0m[39m
[37m[0m[0m[39m
[37m[0mBuild at: [1m[37m2024-11-22T12:54:41.428Z[39m[37m[22m - Hash: [1m[37m34c511645f069b50[39m[37m[22m - Time: [1m[37m8924[39m[37m[22mms[0m[39m
[1m[31m[39m[22m
[1m[31m[0m[91mError: [39m[31m[0m[96mlibs/backend/user/src/lib/recipe/recipe.controller.ts[0m:[93m26[0m:[93m5[0m - [91merror[0m[90m TS2322: [0mType 'Recipe | null' is not assignable to type 'Recipe'.[39m[22m
[1m[31m  Type 'null' is not assignable to type 'Recipe'.[39m[22m
[1m[31m[39m[22m
[1m[31m[7m26[0m     return this.recipeService.update(id, recipeData);[39m[22m
[1m[31m[7m  [0m [91m    ~~~~~~[0m[39m[22m
[1m[31m[39m[22m
[1m[31m[39m[22m
[1m[31m[0m[91mError: [39m[31m[0m[96mlibs/backend/user/src/lib/recipe/recipe.controller.ts[0m:[93m31[0m:[93m5[0m - [91merror[0m[90m TS2322: [0mType 'boolean' is not assignable to type 'void'.[39m[22m
[1m[31m[39m[22m
[1m[31m[7m31[0m     return this.recipeService.delete(id);[39m[22m
[1m[31m[7m  [0m [91m    ~~~~~~[0m[39m[22m
[1m[31m[39m[22m
[1m[31m[39m[22m
[1m[31m[39m[22m
[37m[39m
[37m[91mÃ—[39m[37m Failed to compile.[39m
[36m-[39m Generating browser application bundles...[2K[1G[36m\[39m Generating browser application bundles (phase: building)...[2K[1G[36m|[39m Generating browser application bundles (phase: building)...[2K[1G[36m/[39m Generating browser application bundles (phase: building)...[2K[1G[36m-[39m Generating browser application bundles (phase: building)...[2K[1G[36m\[39m Generating browser application bundles (phase: building)...[2K[1G[36m|[39m Generating browser application bundles (phase: sealing)...[2K[1G[32mâˆš[39m Browser application bundle generation complete.
[37m[39m
[37m[0m[1mInitial Chunk Files[22m[2m | [22m[1mNames[22m  [2m | [22m [1mRaw Size[22m[0m[39m
[37m[0m[92mmain.js[39m[37m            [2m | [22mmain   [2m | [22m[96m106.92 kB[39m[37m[2m | [22m[0m[39m
[37m[0m[92mruntime.js[39m[37m         [2m | [22mruntime[2m | [22m  [96m6.51 kB[39m[37m[2m | [22m[0m[39m
[37m[0m[0m[39m
[37m[0m4 unchanged chunks[0m[39m
[37m[0m[0m[39m
[37m[0mBuild at: [1m[37m2024-11-22T12:57:09.360Z[39m[37m[22m - Hash: [1m[37m5080a64f3f13fd6c[39m[37m[22m - Time: [1m[37m3890[39m[37m[22mms[0m[39m
[1m[31m[39m[22m
[1m[31m[0m[91mError: [39m[31m[0m[96mlibs/backend/user/src/lib/recipe/recipe.controller.ts[0m:[93m26[0m:[93m5[0m - [91merror[0m[90m TS2322: [0mType 'Recipe | null' is not assignable to type 'Recipe'.[39m[22m
[1m[31m  Type 'null' is not assignable to type 'Recipe'.[39m[22m
[1m[31m[39m[22m
[1m[31m[7m26[0m     return this.recipeService.update(id, recipeData);[39m[22m
[1m[31m[7m  [0m [91m    ~~~~~~[0m[39m[22m
[1m[31m[39m[22m
[1m[31m[39m[22m
[1m[31m[0m[91mError: [39m[31m[0m[96mlibs/backend/user/src/lib/recipe/recipe.controller.ts[0m:[93m31[0m:[93m5[0m - [91merror[0m[90m TS2322: [0mType 'boolean' is not assignable to type 'void'.[39m[22m
[1m[31m[39m[22m
[1m[31m[7m31[0m     return this.recipeService.delete(id);[39m[22m
[1m[31m[7m  [0m [91m    ~~~~~~[0m[39m[22m
[1m[31m[39m[22m
[1m[31m[39m[22m
[1m[31m[0m[91mError: [39m[31m[0m[96mlibs/frontend/features/src/lib/features.module.ts[0m:[93m12[0m:[93m31[0m - [91merror[0m[90m TS2306: [0mFile 'C:/Users/salim/Dev/avans-nx-workshop-2024/avans-nx-workshop/libs/frontend/features/src/lib/recipes/recipe.service.ts' is not a module.[39m[22m
[1m[31m[39m[22m
[1m[31m[7m12[0m import { RecipeService } from './recipes/recipe.service';[39m[22m
[1m[31m[7m  [0m [91m                              ~~~~~~~~~~~~~~~~~~~~~~~~~~[0m[39m[22m
[1m[31m[39m[22m
[1m[31m[39m[22m
[1m[31m[39m[22m
[37m[39m
[37m[91mÃ—[39m[37m Failed to compile.[39m
[36m-[39m Generating browser application bundles...[2K[1G[36m\[39m Generating browser application bundles (phase: building)...[2K[1G[36m|[39m Generating browser application bundles (phase: building)...[2K[1G[36m/[39m Generating browser application bundles (phase: building)...[2K[1G[36m-[39m Generating browser application bundles (phase: building)...[2K[1G[36m\[39m Generating browser application bundles (phase: sealing)...[2K[1G[32mâˆš[39m Browser application bundle generation complete.
[37m[39m
[37m[0m[1mInitial Chunk Files[22m[2m | [22m[1mNames[22m  [2m | [22m [1mRaw Size[22m[0m[39m
[37m[0m[92mmain.js[39m[37m            [2m | [22mmain   [2m | [22m[96m107.84 kB[39m[37m[2m | [22m[0m[39m
[37m[0m[92mruntime.js[39m[37m         [2m | [22mruntime[2m | [22m  [96m6.51 kB[39m[37m[2m | [22m[0m[39m
[37m[0m[0m[39m
[37m[0m4 unchanged chunks[0m[39m
[37m[0m[0m[39m
[37m[0mBuild at: [1m[37m2024-11-22T12:57:31.941Z[39m[37m[22m - Hash: [1m[37m251d739c35b322e3[39m[37m[22m - Time: [1m[37m1063[39m[37m[22mms[0m[39m
[1m[31m[39m[22m
[1m[31m[0m[91mError: [39m[31m[0m[96mlibs/backend/user/src/lib/recipe/recipe.controller.ts[0m:[93m26[0m:[93m5[0m - [91merror[0m[90m TS2322: [0mType 'Recipe | null' is not assignable to type 'Recipe'.[39m[22m
[1m[31m  Type 'null' is not assignable to type 'Recipe'.[39m[22m
[1m[31m[39m[22m
[1m[31m[7m26[0m     return this.recipeService.update(id, recipeData);[39m[22m
[1m[31m[7m  [0m [91m    ~~~~~~[0m[39m[22m
[1m[31m[39m[22m
[1m[31m[39m[22m
[1m[31m[0m[91mError: [39m[31m[0m[96mlibs/backend/user/src/lib/recipe/recipe.controller.ts[0m:[93m31[0m:[93m5[0m - [91merror[0m[90m TS2322: [0mType 'boolean' is not assignable to type 'void'.[39m[22m
[1m[31m[39m[22m
[1m[31m[7m31[0m     return this.recipeService.delete(id);[39m[22m
[1m[31m[7m  [0m [91m    ~~~~~~[0m[39m[22m
[1m[31m[39m[22m
[1m[31m[39m[22m
[1m[31m[0m[91mError: [39m[31m[0m[96mlibs/frontend/features/src/index.ts[0m:[93m7[0m:[93m15[0m - [91merror[0m[90m TS2306: [0mFile 'C:/Users/salim/Dev/avans-nx-workshop-2024/avans-nx-workshop/libs/frontend/features/src/lib/recipes/recipe.service.ts' is not a module.[39m[22m
[1m[31m[39m[22m
[1m[31m[7m7[0m export * from './lib/recipes/recipe.service'[39m[22m
[1m[31m[7m [0m [91m              ~~~~~~~~~~~~~~~~~~~~~~~~~~~~~~[0m[39m[22m
[1m[31m[39m[22m
[1m[31m[39m[22m
[1m[31m[0m[91mError: [39m[31m[0m[96mlibs/frontend/features/src/lib/features.module.ts[0m:[93m12[0m:[93m31[0m - [91merror[0m[90m TS2306: [0mFile 'C:/Users/salim/Dev/avans-nx-workshop-2024/avans-nx-workshop/libs/frontend/features/src/lib/recipes/recipe.service.ts' is not a module.[39m[22m
[1m[31m[39m[22m
[1m[31m[7m12[0m import { RecipeService } from './recipes/recipe.service';[39m[22m
[1m[31m[7m  [0m [91m                              ~~~~~~~~~~~~~~~~~~~~~~~~~~[0m[39m[22m
[1m[31m[39m[22m
[1m[31m[39m[22m
[1m[31m[39m[22m
[37m[39m
[37m[91mÃ—[39m[37m Failed to compile.[39m
[36m-[39m Generating browser application bundles...[2K[1G[36m\[39m Generating browser application bundles (phase: building)...[2K[1G[36m|[39m Generating browser application bundles (phase: sealing)...[2K[1G[32mâˆš[39m Browser application bundle generation complete.
[37m[39m
[37m[0m[1mInitial Chunk Files[22m[2m | [22m[1mNames[22m  [2m | [22m[1mRaw Size[22m[0m[39m
[37m[0m[92mruntime.js[39m[37m         [2m | [22mruntime[2m | [22m [96m6.51 kB[39m[37m[2m | [22m[0m[39m
[37m[0m[0m[39m
[37m[0m5 unchanged chunks[0m[39m
[37m[0m[0m[39m
[37m[0mBuild at: [1m[37m2024-11-22T13:02:10.743Z[39m[37m[22m - Hash: [1m[37mcc9a66955185fcce[39m[37m[22m - Time: [1m[37m7152[39m[37m[22mms[0m[39m
[1m[31m[39m[22m
[1m[31m[0m[91mError: [39m[31m[0m[96mlibs/frontend/features/src/index.ts[0m:[93m7[0m:[93m15[0m - [91merror[0m[90m TS2306: [0mFile 'C:/Users/salim/Dev/avans-nx-workshop-2024/avans-nx-workshop/libs/frontend/features/src/lib/recipes/recipe.service.ts' is not a module.[39m[22m
[1m[31m[39m[22m
[1m[31m[7m7[0m export * from './lib/recipes/recipe.service'[39m[22m
[1m[31m[7m [0m [91m              ~~~~~~~~~~~~~~~~~~~~~~~~~~~~~~[0m[39m[22m
[1m[31m[39m[22m
[1m[31m[39m[22m
[1m[31m[0m[91mError: [39m[31m[0m[96mlibs/frontend/features/src/lib/features.module.ts[0m:[93m12[0m:[93m31[0m - [91merror[0m[90m TS2306: [0mFile 'C:/Users/salim/Dev/avans-nx-workshop-2024/avans-nx-workshop/libs/frontend/features/src/lib/recipes/recipe.service.ts' is not a module.[39m[22m
[1m[31m[39m[22m
[1m[31m[7m12[0m import { RecipeService } from './recipes/recipe.service';[39m[22m
[1m[31m[7m  [0m [91m                              ~~~~~~~~~~~~~~~~~~~~~~~~~~[0m[39m[22m
[1m[31m[39m[22m
[1m[31m[39m[22m
[1m[31m[39m[22m
[37m[39m
[37m[91mÃ—[39m[37m Failed to compile.[39m
[36m-[39m Generating browser application bundles...[2K[1G[36m\[39m Generating browser application bundles (phase: building)...[2K[1G[36m|[39m Generating browser application bundles (phase: building)...[2K[1G[36m/[39m Generating browser application bundles (phase: building)...[2K[1G[36m-[39m Generating browser application bundles (phase: sealing)...[2K[1G[32mâˆš[39m Browser application bundle generation complete.
[37m[39m
[37m[0m[1mInitial Chunk Files[22m[2m | [22m[1mNames[22m  [2m | [22m [1mRaw Size[22m[0m[39m
[37m[0m[92mmain.js[39m[37m            [2m | [22mmain   [2m | [22m[96m109.82 kB[39m[37m[2m | [22m[0m[39m
[37m[0m[92mruntime.js[39m[37m         [2m | [22mruntime[2m | [22m  [96m6.51 kB[39m[37m[2m | [22m[0m[39m
[37m[0m[0m[39m
[37m[0m4 unchanged chunks[0m[39m
[37m[0m[0m[39m
[37m[0mBuild at: [1m[37m2024-11-22T13:09:44.982Z[39m[37m[22m - Hash: [1m[37mbf3122d1c13fbcf7[39m[37m[22m - Time: [1m[37m2220[39m[37m[22mms[0m[39m
[1m[31m[39m[22m
[1m[31m[0m[91mError: [39m[31m[0m[96mapps/my-app/src/app/components/recipe/recipe.component.ts[0m:[93m2[0m:[93m10[0m - [91merror[0m[90m TS2305: [0mModule '"@avans-nx-workshop/features"' has no exported member 'RecipeService'.[39m[22m
[1m[31m[39m[22m
[1m[31m[7m2[0m import { RecipeService } from '@avans-nx-workshop/features';[39m[22m
[1m[31m[7m [0m [91m         ~~~~~~~~~~~~~[0m[39m[22m
[1m[31m[39m[22m
[1m[31m[39m[22m
[1m[31m[0m[91mError: [39m[31m[0m[96mapps/my-app/src/app/components/recipe/recipe.component.ts[0m:[93m13[0m:[93m23[0m - [91merror[0m[90m NG2003: [0mNo suitable injection token for parameter 'recipeService' of class 'RecipesComponent'.[39m[22m
[1m[31m  Consider using the @Inject decorator to specify an injection token.[39m[22m
[1m[31m[39m[22m
[1m[31m[7m13[0m   constructor(private recipeService: RecipeService) {}[39m[22m
[1m[31m[7m  [0m [91m                      ~~~~~~~~~~~~~[0m[39m[22m
[1m[31m[39m[22m
[1m[31m  [96mapps/my-app/src/app/components/recipe/recipe.component.ts[0m:[93m13[0m:[93m38[0m[39m[22m
[1m[31m    [7m13[0m   constructor(private recipeService: RecipeService) {}[39m[22m
[1m[31m    [7m  [0m [96m                                     ~~~~~~~~~~~~~[0m[39m[22m
[1m[31m    This type does not have a value, so it cannot be used as injection token.[39m[22m
[1m[31m[39m[22m
[1m[31m[39m[22m
[1m[31m[0m[91mError: [39m[31m[0m[96mapps/my-app/src/app/components/recipe/recipe.component.ts[0m:[93m20[0m:[93m48[0m - [91merror[0m[90m TS7006: [0mParameter 'data' implicitly has an 'any' type.[39m[22m
[1m[31m[39m[22m
[1m[31m[7m20[0m     this.recipeService.getRecipes().subscribe((data) => {[39m[22m
[1m[31m[7m  [0m [91m                                               ~~~~[0m[39m[22m
[1m[31m[39m[22m
[1m[31m[39m[22m
[1m[31m[0m[91mError: [39m[31m[0m[96mlibs/frontend/features/src/index.ts[0m:[93m7[0m:[93m15[0m - [91merror[0m[90m TS2306: [0mFile 'C:/Users/salim/Dev/avans-nx-workshop-2024/avans-nx-workshop/libs/frontend/features/src/lib/recipes/recipe.service.ts' is not a module.[39m[22m
[1m[31m[39m[22m
[1m[31m[7m7[0m export * from './lib/recipes/recipe.service'[39m[22m
[1m[31m[7m [0m [91m              ~~~~~~~~~~~~~~~~~~~~~~~~~~~~~~[0m[39m[22m
[1m[31m[39m[22m
[1m[31m[39m[22m
[1m[31m[0m[91mError: [39m[31m[0m[96mlibs/frontend/features/src/lib/features.module.ts[0m:[93m12[0m:[93m31[0m - [91merror[0m[90m TS2306: [0mFile 'C:/Us[39m[22m[1m[31mers/salim/Dev/avans-nx-workshop-2024/avans-nx-workshop/libs/frontend/features/src/lib/recipes/recipe.service.ts' is not a module.[39m[22m
[1m[31m[39m[22m
[1m[31m[7m12[0m import { RecipeService } from './recipes/recipe.service';[39m[22m
[1m[31m[7m  [0m [91m                              ~~~~~~~~~~~~~~~~~~~~~~~~~~[0m[39m[22m
[1m[31m[39m[22m
[1m[31m[39m[22m
[1m[31m[39m[22m
[37m[39m
[37m[91mÃ—[39m[37m Failed to compile.[39m
[36m-[39m Generating browser application bundles...[2K[1G[36m\[39m Generating browser application bundles (phase: building)...[2K[1G[36m|[39m Generating browser application bundles (phase: sealing)...[2K[1G[32mâˆš[39m Browser application bundle generation complete.
[37m[39m
[37m[0m[1mInitial Chunk Files[22m[2m | [22m[1mNames[22m  [2m | [22m [1mRaw Size[22m[0m[39m
[37m[0m[92mmain.js[39m[37m            [2m | [22mmain   [2m | [22m[96m110.73 kB[39m[37m[2m | [22m[0m[39m
[37m[0m[92mruntime.js[39m[37m         [2m | [22mruntime[2m | [22m  [96m6.51 kB[39m[37m[2m | [22m[0m[39m
[37m[0m[0m[39m
[37m[0m4 unchanged chunks[0m[39m
[37m[0m[0m[39m
[37m[0mBuild at: [1m[37m2024-11-22T13:10:31.194Z[39m[37m[22m - Hash: [1m[37mdfe51f151f19fba9[39m[37m[22m - Time: [1m[37m358[39m[37m[22mms[0m[39m
[1m[31m[39m[22m
[1m[31m[0m[91mError: [39m[31m[0m[96mapps/my-app/src/app/components/recipe/recipe.component.ts[0m:[93m2[0m:[93m10[0m - [91merror[0m[90m TS2305: [0mModule '"@avans-nx-workshop/features"' has no exported member 'RecipeService'.[39m[22m
[1m[31m[39m[22m
[1m[31m[7m2[0m import { RecipeService } from '@avans-nx-workshop/features';[39m[22m
[1m[31m[7m [0m [91m         ~~~~~~~~~~~~~[0m[39m[22m
[1m[31m[39m[22m
[1m[31m[39m[22m
[1m[31m[0m[91mError: [39m[31m[0m[96mapps/my-app/src/app/components/recipe/recipe.component.ts[0m:[93m13[0m:[93m23[0m - [91merror[0m[90m NG2003: [0mNo suitable injection token for parameter 'recipeService' of class 'RecipesComponent'.[39m[22m
[1m[31m  Consider using the @Inject decorator to specify an injection token.[39m[22m
[1m[31m[39m[22m
[1m[31m[7m13[0m   constructor(private recipeService: RecipeService) {}[39m[22m
[1m[31m[7m  [0m [91m                      ~~~~~~~~~~~~~[0m[39m[22m
[1m[31m[39m[22m
[1m[31m  [96mapps/my-app/src/app/components/recipe/recipe.component.ts[0m:[93m13[0m:[93m38[0m[39m[22m
[1m[31m    [7m13[0m   constructor(private recipeService: RecipeService) {}[39m[22m
[1m[31m    [7m  [0m [96m                                     ~~~~~~~~~~~~~[0m[39m[22m
[1m[31m    This type does not have a value, so it cannot be used as injection token.[39m[22m
[1m[31m[39m[22m
[1m[31m[39m[22m
[1m[31m[0m[91mError: [39m[31m[0m[96mapps/my-app/src/app/components/recipe/recipe.component.ts[0m:[93m20[0m:[93m48[0m - [91merror[0m[90m TS7006: [0mParameter 'data' implicitly has an 'any' type.[39m[22m
[1m[31m[39m[22m
[1m[31m[7m20[0m     this.recipeService.getRecipes().subscribe((data) => {[39m[22m
[1m[31m[7m  [0m [91m                                               ~~~~[0m[39m[22m
[1m[31m[39m[22m
[1m[31m[39m[22m
[1m[31m[0m[91mError: [39m[31m[0m[96mlibs/frontend/features/src/index.ts[0m:[93m7[0m:[93m15[0m - [91merror[0m[90m TS2306: [0mFile 'C:/Users/salim/Dev/avans-nx-workshop-2024/avans-nx-workshop/libs/frontend/features/src/lib/recipes/recipe.service.ts' is not a module.[39m[22m
[1m[31m[39m[22m
[1m[31m[7m7[0m export * from './lib/recipes/recipe.service'[39m[22m
[1m[31m[7m [0m [91m              ~~~~~~~~~~~~~~~~~~~~~~~~~~~~~~[0m[39m[22m
[1m[31m[39m[22m
[1m[31m[39m[22m
[1m[31m[0m[91mError: [39m[31m[0m[96mlibs/frontend/features/src/lib/features.module.ts[0m:[93m12[0m:[93m31[0m - [91merror[0m[90m TS2306: [0mFile 'C:/Us[39m[22m[1m[31mers/salim/Dev/avans-nx-workshop-2024/avans-nx-workshop/libs/frontend/features/src/lib/recipes/recipe.service.ts' is not a module.[39m[22m
[1m[31m[39m[22m
[1m[31m[7m12[0m import { RecipeService } from './recipes/recipe.service';[39m[22m
[1m[31m[7m  [0m [91m                              ~~~~~~~~~~~~~~~~~~~~~~~~~~[0m[39m[22m
[1m[31m[39m[22m
[1m[31m[39m[22m
[1m[31m[39m[22m
[37m[39m
[37m[91mÃ—[39m[37m Failed to compile.[39m
[36m-[39m Generating browser application bundles...[2K[1G[36m\[39m Generating browser application bundles (phase: building)...[2K[1G[32mâˆš[39m Browser application bundle generation complete.
[37m[39m
[37m[0m[1mInitial Chunk Files[22m[2m | [22m[1mNames[22m  [2m | [22m [1mRaw Size[22m[0m[39m
[37m[0m[92mmain.js[39m[37m            [2m | [22mmain   [2m | [22m[96m110.73 kB[39m[37m[2m | [22m[0m[39m
[37m[0m[92mruntime.js[39m[37m         [2m | [22mruntime[2m | [22m  [96m6.51 kB[39m[37m[2m | [22m[0m[39m
[37m[0m[0m[39m
[37m[0m4 unchanged chunks[0m[39m
[37m[0m[0m[39m
[37m[0mBuild at: [1m[37m2024-11-22T13:10:33.472Z[39m[37m[22m - Hash: [1m[37m940acd35508ca6ee[39m[37m[22m - Time: [1m[37m317[39m[37m[22mms[0m[39m
[1m[31m[39m[22m
[1m[31m[0m[91mError: [39m[31m[0m[96mapps/my-app/src/app/components/recipe/recipe.component.ts[0m:[93m2[0m:[93m10[0m - [91merror[0m[90m TS2305: [0mModule '"@avans-nx-workshop/features"' has no exported member 'RecipeService'.[39m[22m
[1m[31m[39m[22m
[1m[31m[7m2[0m import { RecipeService } from '@avans-nx-workshop/features';[39m[22m
[1m[31m[7m [0m [91m         ~~~~~~~~~~~~~[0m[39m[22m
[1m[31m[39m[22m
[1m[31m[39m[22m
[1m[31m[0m[91mError: [39m[31m[0m[96mapps/my-app/src/app/components/recipe/recipe.component.ts[0m:[93m13[0m:[93m23[0m - [91merror[0m[90m NG2003: [0mNo suitable injection token for parameter 'recipeService' of class 'RecipesComponent'.[39m[22m
[1m[31m  Consider using the @Inject decorator to specify an injection token.[39m[22m
[1m[31m[39m[22m
[1m[31m[7m13[0m   constructor(private recipeService: RecipeService) {}[39m[22m
[1m[31m[7m  [0m [91m                      ~~~~~~~~~~~~~[0m[39m[22m
[1m[31m[39m[22m
[1m[31m  [96mapps/my-app/src/app/components/recipe/recipe.component.ts[0m:[93m13[0m:[93m38[0m[39m[22m
[1m[31m    [7m13[0m   constructor(private recipeService: RecipeService) {}[39m[22m
[1m[31m    [7m  [0m [96m                                     ~~~~~~~~~~~~~[0m[39m[22m
[1m[31m    This type does not have a value, so it cannot be used as injection token.[39m[22m
[1m[31m[39m[22m
[1m[31m[39m[22m
[1m[31m[0m[91mError: [39m[31m[0m[96mapps/my-app/src/app/components/recipe/recipe.component.ts[0m:[93m20[0m:[93m48[0m - [91merror[0m[90m TS7006: [0mParameter 'data' implicitly has an 'any' type.[39m[22m
[1m[31m[39m[22m
[1m[31m[7m20[0m     this.recipeService.getRecipes().subscribe((data) => {[39m[22m
[1m[31m[7m  [0m [91m                                               ~~~~[0m[39m[22m
[1m[31m[39m[22m
[1m[31m[39m[22m
[1m[31m[0m[91mError: [39m[31m[0m[96mlibs/frontend/features/src/index.ts[0m:[93m7[0m:[93m15[0m - [91merror[0m[90m TS2306: [0mFile 'C:/Users/salim/Dev/avans-nx-workshop-2024/avans-nx-workshop/libs/frontend/features/src/lib/recipes/recipe.service.ts' is not a module.[39m[22m
[1m[31m[39m[22m
[1m[31m[7m7[0m export * from './lib/recipes/recipe.service'[39m[22m
[1m[31m[7m [0m [91m              ~~~~~~~~~~~~~~~~~~~~~~~~~~~~~~[0m[39m[22m
[1m[31m[39m[22m
[1m[31m[39m[22m
[1m[31m[0m[91mError: [39m[31m[0m[96mlibs/frontend/features/src/lib/features.module.ts[0m:[93m12[0m:[93m31[0m - [91merror[0m[90m TS2306: [0mFile 'C:/Us[39m[22m[1m[31mers/salim/Dev/avans-nx-workshop-2024/avans-nx-workshop/libs/frontend/features/src/lib/recipes/recipe.service.ts' is not a module.[39m[22m
[1m[31m[39m[22m
[1m[31m[7m12[0m import { RecipeService } from './recipes/recipe.service';[39m[22m
[1m[31m[7m  [0m [91m                              ~~~~~~~~~~~~~~~~~~~~~~~~~~[0m[39m[22m
[1m[31m[39m[22m
[1m[31m[39m[22m
[1m[31m[39m[22m
[37m[39m
[37m[91mÃ—[39m[37m Failed to compile.[39m
